[0.016s] Invoking command in '/home/gfave/sim_mid/build/my_robot_controller': CMAKE_PREFIX_PATH=${CMAKE_PREFIX_PATH}:/home/gfave/ros2brovtest_ws/install/ping_sonar_ros:/home/gfave/ros2brovtest_ws/install/autonomous_rov:/home/gfave/install/ping_sonar_ros:/home/gfave/install/autonomous_rov:/opt/ros/humble /usr/bin/cmake --build /home/gfave/sim_mid/build/my_robot_controller -- -j8 -l8
[0.149s] [35m[1mConsolidate compiler generated dependencies of target publisher[0m
[0.199s] [100%] Built target publisher
[0.209s] Invoked command in '/home/gfave/sim_mid/build/my_robot_controller' returned '0': CMAKE_PREFIX_PATH=${CMAKE_PREFIX_PATH}:/home/gfave/ros2brovtest_ws/install/ping_sonar_ros:/home/gfave/ros2brovtest_ws/install/autonomous_rov:/home/gfave/install/ping_sonar_ros:/home/gfave/install/autonomous_rov:/opt/ros/humble /usr/bin/cmake --build /home/gfave/sim_mid/build/my_robot_controller -- -j8 -l8
[0.231s] Invoking command in '/home/gfave/sim_mid/build/my_robot_controller': CMAKE_PREFIX_PATH=${CMAKE_PREFIX_PATH}:/home/gfave/ros2brovtest_ws/install/ping_sonar_ros:/home/gfave/ros2brovtest_ws/install/autonomous_rov:/home/gfave/install/ping_sonar_ros:/home/gfave/install/autonomous_rov:/opt/ros/humble /usr/bin/cmake --install /home/gfave/sim_mid/build/my_robot_controller
[0.238s] -- Install configuration: ""
[0.239s] -- Up-to-date: /home/gfave/sim_mid/install/my_robot_controller/lib/my_robot_controller/publisher
[0.240s] -- Up-to-date: /home/gfave/sim_mid/install/my_robot_controller/share/ament_index/resource_index/package_run_dependencies/my_robot_controller
[0.240s] -- Up-to-date: /home/gfave/sim_mid/install/my_robot_controller/share/ament_index/resource_index/parent_prefix_path/my_robot_controller
[0.241s] -- Up-to-date: /home/gfave/sim_mid/install/my_robot_controller/share/my_robot_controller/environment/ament_prefix_path.sh
[0.241s] -- Up-to-date: /home/gfave/sim_mid/install/my_robot_controller/share/my_robot_controller/environment/ament_prefix_path.dsv
[0.241s] -- Up-to-date: /home/gfave/sim_mid/install/my_robot_controller/share/my_robot_controller/environment/path.sh
[0.241s] -- Up-to-date: /home/gfave/sim_mid/install/my_robot_controller/share/my_robot_controller/environment/path.dsv
[0.241s] -- Up-to-date: /home/gfave/sim_mid/install/my_robot_controller/share/my_robot_controller/local_setup.bash
[0.241s] -- Up-to-date: /home/gfave/sim_mid/install/my_robot_controller/share/my_robot_controller/local_setup.sh
[0.241s] -- Up-to-date: /home/gfave/sim_mid/install/my_robot_controller/share/my_robot_controller/local_setup.zsh
[0.241s] -- Up-to-date: /home/gfave/sim_mid/install/my_robot_controller/share/my_robot_controller/local_setup.dsv
[0.241s] -- Installing: /home/gfave/sim_mid/install/my_robot_controller/share/my_robot_controller/package.dsv
[0.241s] -- Up-to-date: /home/gfave/sim_mid/install/my_robot_controller/share/ament_index/resource_index/packages/my_robot_controller
[0.242s] -- Up-to-date: /home/gfave/sim_mid/install/my_robot_controller/share/my_robot_controller/cmake/my_robot_controllerConfig.cmake
[0.242s] -- Up-to-date: /home/gfave/sim_mid/install/my_robot_controller/share/my_robot_controller/cmake/my_robot_controllerConfig-version.cmake
[0.242s] -- Up-to-date: /home/gfave/sim_mid/install/my_robot_controller/share/my_robot_controller/package.xml
[0.244s] Invoked command in '/home/gfave/sim_mid/build/my_robot_controller' returned '0': CMAKE_PREFIX_PATH=${CMAKE_PREFIX_PATH}:/home/gfave/ros2brovtest_ws/install/ping_sonar_ros:/home/gfave/ros2brovtest_ws/install/autonomous_rov:/home/gfave/install/ping_sonar_ros:/home/gfave/install/autonomous_rov:/opt/ros/humble /usr/bin/cmake --install /home/gfave/sim_mid/build/my_robot_controller
