[0.017s] Invoking command in '/home/gfave/SIm_mid/build/sum': CMAKE_PREFIX_PATH=${CMAKE_PREFIX_PATH}:/home/gfave/ros2brovtest_ws/install/ping_sonar_ros:/home/gfave/ros2brovtest_ws/install/autonomous_rov:/home/gfave/install/ping_sonar_ros:/home/gfave/install/autonomous_rov:/opt/ros/humble /usr/bin/cmake --build /home/gfave/SIm_mid/build/sum -- -j8 -l8
[0.079s] [35m[1mConsolidate compiler generated dependencies of target sum_node[0m
[0.102s] [ 50%] [32mBuilding CXX object CMakeFiles/sum_node.dir/src/sum.cpp.o[0m
[9.907s] [100%] [32m[1mLinking CXX executable sum_node[0m
[10.386s] [100%] Built target sum_node
[10.398s] Invoked command in '/home/gfave/SIm_mid/build/sum' returned '0': CMAKE_PREFIX_PATH=${CMAKE_PREFIX_PATH}:/home/gfave/ros2brovtest_ws/install/ping_sonar_ros:/home/gfave/ros2brovtest_ws/install/autonomous_rov:/home/gfave/install/ping_sonar_ros:/home/gfave/install/autonomous_rov:/opt/ros/humble /usr/bin/cmake --build /home/gfave/SIm_mid/build/sum -- -j8 -l8
[10.429s] Invoking command in '/home/gfave/SIm_mid/build/sum': CMAKE_PREFIX_PATH=${CMAKE_PREFIX_PATH}:/home/gfave/ros2brovtest_ws/install/ping_sonar_ros:/home/gfave/ros2brovtest_ws/install/autonomous_rov:/home/gfave/install/ping_sonar_ros:/home/gfave/install/autonomous_rov:/opt/ros/humble /usr/bin/cmake --install /home/gfave/SIm_mid/build/sum
[10.437s] -- Install configuration: ""
[10.437s] -- Installing: /home/gfave/SIm_mid/install/sum/lib/sum/sum_node
[10.440s] -- Set runtime path of "/home/gfave/SIm_mid/install/sum/lib/sum/sum_node" to ""
[10.441s] -- Up-to-date: /home/gfave/SIm_mid/install/sum/share/ament_index/resource_index/package_run_dependencies/sum
[10.441s] -- Up-to-date: /home/gfave/SIm_mid/install/sum/share/ament_index/resource_index/parent_prefix_path/sum
[10.441s] -- Up-to-date: /home/gfave/SIm_mid/install/sum/share/sum/environment/ament_prefix_path.sh
[10.441s] -- Up-to-date: /home/gfave/SIm_mid/install/sum/share/sum/environment/ament_prefix_path.dsv
[10.441s] -- Up-to-date: /home/gfave/SIm_mid/install/sum/share/sum/environment/path.sh
[10.442s] -- Up-to-date: /home/gfave/SIm_mid/install/sum/share/sum/environment/path.dsv
[10.442s] -- Up-to-date: /home/gfave/SIm_mid/install/sum/share/sum/local_setup.bash
[10.442s] -- Up-to-date: /home/gfave/SIm_mid/install/sum/share/sum/local_setup.sh
[10.442s] -- Up-to-date: /home/gfave/SIm_mid/install/sum/share/sum/local_setup.zsh
[10.442s] -- Up-to-date: /home/gfave/SIm_mid/install/sum/share/sum/local_setup.dsv
[10.443s] -- Installing: /home/gfave/SIm_mid/install/sum/share/sum/package.dsv
[10.443s] -- Up-to-date: /home/gfave/SIm_mid/install/sum/share/ament_index/resource_index/packages/sum
[10.443s] -- Up-to-date: /home/gfave/SIm_mid/install/sum/share/sum/cmake/sumConfig.cmake
[10.443s] -- Up-to-date: /home/gfave/SIm_mid/install/sum/share/sum/cmake/sumConfig-version.cmake
[10.443s] -- Up-to-date: /home/gfave/SIm_mid/install/sum/share/sum/package.xml
[10.444s] Invoked command in '/home/gfave/SIm_mid/build/sum' returned '0': CMAKE_PREFIX_PATH=${CMAKE_PREFIX_PATH}:/home/gfave/ros2brovtest_ws/install/ping_sonar_ros:/home/gfave/ros2brovtest_ws/install/autonomous_rov:/home/gfave/install/ping_sonar_ros:/home/gfave/install/autonomous_rov:/opt/ros/humble /usr/bin/cmake --install /home/gfave/SIm_mid/build/sum
