[0.012s] Invoking command in '/home/gfave/sim_mid/build/my_robot_controller': CMAKE_PREFIX_PATH=${CMAKE_PREFIX_PATH}:/home/gfave/ros2brovtest_ws/install/ping_sonar_ros:/home/gfave/ros2brovtest_ws/install/autonomous_rov:/home/gfave/install/ping_sonar_ros:/home/gfave/install/autonomous_rov:/opt/ros/humble /usr/bin/cmake --build /home/gfave/sim_mid/build/my_robot_controller -- -j8 -l8
[0.041s] -- Found ament_cmake: 1.3.10 (/opt/ros/humble/share/ament_cmake/cmake)
[0.193s] -- Found rclcpp: 16.0.10 (/opt/ros/humble/share/rclcpp/cmake)
[0.241s] -- Found rosidl_generator_c: 3.1.5 (/opt/ros/humble/share/rosidl_generator_c/cmake)
[0.246s] -- Found rosidl_adapter: 3.1.5 (/opt/ros/humble/share/rosidl_adapter/cmake)
[0.257s] -- Found rosidl_generator_cpp: 3.1.5 (/opt/ros/humble/share/rosidl_generator_cpp/cmake)
[0.273s] -- Using all available rosidl_typesupport_c: rosidl_typesupport_fastrtps_c;rosidl_typesupport_introspection_c
[0.291s] -- Using all available rosidl_typesupport_cpp: rosidl_typesupport_fastrtps_cpp;rosidl_typesupport_introspection_cpp
[0.346s] -- Found rmw_implementation_cmake: 6.1.2 (/opt/ros/humble/share/rmw_implementation_cmake/cmake)
[0.350s] -- Found rmw_fastrtps_cpp: 6.2.7 (/opt/ros/humble/share/rmw_fastrtps_cpp/cmake)
[0.492s] -- Using RMW implementation 'rmw_fastrtps_cpp' as default
[0.570s] -- Found ament_lint_auto: 0.12.11 (/opt/ros/humble/share/ament_lint_auto/cmake)
[0.660s] -- Added test 'cppcheck' to perform static code analysis on C / C++ code
[0.660s] -- Configured cppcheck include dirs: 
[0.660s] -- Configured cppcheck exclude dirs and/or files: 
[0.661s] -- Added test 'flake8' to check Python code syntax and style conventions
[0.662s] -- Added test 'lint_cmake' to check CMake code style
[0.662s] -- Added test 'pep257' to check Python code against some of the docstring style conventions in PEP 257
[0.665s] -- Added test 'uncrustify' to check C / C++ code style
[0.665s] -- Configured uncrustify additional arguments: 
[0.666s] -- Added test 'xmllint' to check XML markup files
[0.668s] -- Configuring done
[0.685s] -- Generating done
[0.686s] -- Build files have been written to: /home/gfave/sim_mid/build/my_robot_controller
[0.711s] [35m[1mConsolidate compiler generated dependencies of target publisher[0m
[0.721s] [ 25%] [32mBuilding CXX object CMakeFiles/subscriber.dir/src/subscriber.cpp.o[0m
[0.727s] [ 75%] Built target publisher
[9.604s] [100%] [32m[1mLinking CXX executable subscriber[0m
[10.002s] [100%] Built target subscriber
[10.013s] Invoked command in '/home/gfave/sim_mid/build/my_robot_controller' returned '0': CMAKE_PREFIX_PATH=${CMAKE_PREFIX_PATH}:/home/gfave/ros2brovtest_ws/install/ping_sonar_ros:/home/gfave/ros2brovtest_ws/install/autonomous_rov:/home/gfave/install/ping_sonar_ros:/home/gfave/install/autonomous_rov:/opt/ros/humble /usr/bin/cmake --build /home/gfave/sim_mid/build/my_robot_controller -- -j8 -l8
[10.046s] Invoking command in '/home/gfave/sim_mid/build/my_robot_controller': CMAKE_PREFIX_PATH=${CMAKE_PREFIX_PATH}:/home/gfave/ros2brovtest_ws/install/ping_sonar_ros:/home/gfave/ros2brovtest_ws/install/autonomous_rov:/home/gfave/install/ping_sonar_ros:/home/gfave/install/autonomous_rov:/opt/ros/humble /usr/bin/cmake --install /home/gfave/sim_mid/build/my_robot_controller
[10.054s] -- Install configuration: ""
[10.054s] -- Up-to-date: /home/gfave/sim_mid/install/my_robot_controller/lib/my_robot_controller/publisher
[10.054s] -- Installing: /home/gfave/sim_mid/install/my_robot_controller/lib/my_robot_controller/subscriber
[10.057s] -- Set runtime path of "/home/gfave/sim_mid/install/my_robot_controller/lib/my_robot_controller/subscriber" to ""
[10.057s] -- Up-to-date: /home/gfave/sim_mid/install/my_robot_controller/share/ament_index/resource_index/package_run_dependencies/my_robot_controller
[10.058s] -- Up-to-date: /home/gfave/sim_mid/install/my_robot_controller/share/ament_index/resource_index/parent_prefix_path/my_robot_controller
[10.058s] -- Up-to-date: /home/gfave/sim_mid/install/my_robot_controller/share/my_robot_controller/environment/ament_prefix_path.sh
[10.058s] -- Installing: /home/gfave/sim_mid/install/my_robot_controller/share/my_robot_controller/environment/ament_prefix_path.dsv
[10.058s] -- Up-to-date: /home/gfave/sim_mid/install/my_robot_controller/share/my_robot_controller/environment/path.sh
[10.058s] -- Installing: /home/gfave/sim_mid/install/my_robot_controller/share/my_robot_controller/environment/path.dsv
[10.058s] -- Up-to-date: /home/gfave/sim_mid/install/my_robot_controller/share/my_robot_controller/local_setup.bash
[10.058s] -- Up-to-date: /home/gfave/sim_mid/install/my_robot_controller/share/my_robot_controller/local_setup.sh
[10.058s] -- Up-to-date: /home/gfave/sim_mid/install/my_robot_controller/share/my_robot_controller/local_setup.zsh
[10.058s] -- Installing: /home/gfave/sim_mid/install/my_robot_controller/share/my_robot_controller/local_setup.dsv
[10.058s] -- Installing: /home/gfave/sim_mid/install/my_robot_controller/share/my_robot_controller/package.dsv
[10.058s] -- Up-to-date: /home/gfave/sim_mid/install/my_robot_controller/share/ament_index/resource_index/packages/my_robot_controller
[10.059s] -- Up-to-date: /home/gfave/sim_mid/install/my_robot_controller/share/my_robot_controller/cmake/my_robot_controllerConfig.cmake
[10.059s] -- Up-to-date: /home/gfave/sim_mid/install/my_robot_controller/share/my_robot_controller/cmake/my_robot_controllerConfig-version.cmake
[10.059s] -- Up-to-date: /home/gfave/sim_mid/install/my_robot_controller/share/my_robot_controller/package.xml
[10.060s] Invoked command in '/home/gfave/sim_mid/build/my_robot_controller' returned '0': CMAKE_PREFIX_PATH=${CMAKE_PREFIX_PATH}:/home/gfave/ros2brovtest_ws/install/ping_sonar_ros:/home/gfave/ros2brovtest_ws/install/autonomous_rov:/home/gfave/install/ping_sonar_ros:/home/gfave/install/autonomous_rov:/opt/ros/humble /usr/bin/cmake --install /home/gfave/sim_mid/build/my_robot_controller
