[0.011s] Invoking command in '/home/gfave/sim_mid/build/my_robot_controller': CMAKE_PREFIX_PATH=${CMAKE_PREFIX_PATH}:/home/gfave/ros2brovtest_ws/install/ping_sonar_ros:/home/gfave/ros2brovtest_ws/install/autonomous_rov:/home/gfave/install/ping_sonar_ros:/home/gfave/install/autonomous_rov:/opt/ros/humble /usr/bin/cmake /home/gfave/sim_mid/src/my_robot_controller -DCMAKE_INSTALL_PREFIX=/home/gfave/sim_mid/install/my_robot_controller
[0.264s] -- The C compiler identification is GNU 11.4.0
[0.406s] -- The CXX compiler identification is GNU 11.4.0
[0.418s] -- Detecting C compiler ABI info
[0.495s] -- Detecting C compiler ABI info - done
[0.510s] -- Check for working C compiler: /usr/bin/cc - skipped
[0.510s] -- Detecting C compile features
[0.511s] -- Detecting C compile features - done
[0.516s] -- Detecting CXX compiler ABI info
[0.597s] -- Detecting CXX compiler ABI info - done
[0.605s] -- Check for working CXX compiler: /usr/bin/c++ - skipped
[0.605s] -- Detecting CXX compile features
[0.606s] -- Detecting CXX compile features - done
[0.621s] -- Found ament_cmake: 1.3.10 (/opt/ros/humble/share/ament_cmake/cmake)
[0.789s] -- Found Python3: /usr/bin/python3 (found version "3.10.12") found components: Interpreter 
[0.900s] -- Found rclcpp: 16.0.10 (/opt/ros/humble/share/rclcpp/cmake)
[0.962s] -- Found rosidl_generator_c: 3.1.5 (/opt/ros/humble/share/rosidl_generator_c/cmake)
[0.969s] -- Found rosidl_adapter: 3.1.5 (/opt/ros/humble/share/rosidl_adapter/cmake)
[0.982s] -- Found rosidl_generator_cpp: 3.1.5 (/opt/ros/humble/share/rosidl_generator_cpp/cmake)
[1.003s] -- Using all available rosidl_typesupport_c: rosidl_typesupport_fastrtps_c;rosidl_typesupport_introspection_c
[1.029s] -- Using all available rosidl_typesupport_cpp: rosidl_typesupport_fastrtps_cpp;rosidl_typesupport_introspection_cpp
[1.103s] -- Found rmw_implementation_cmake: 6.1.2 (/opt/ros/humble/share/rmw_implementation_cmake/cmake)
[1.111s] -- Found rmw_fastrtps_cpp: 6.2.7 (/opt/ros/humble/share/rmw_fastrtps_cpp/cmake)
[1.231s] -- Found OpenSSL: /usr/lib/x86_64-linux-gnu/libcrypto.so (found version "3.0.2")  
[1.269s] -- Found FastRTPS: /opt/ros/humble/include  
[1.313s] -- Using RMW implementation 'rmw_fastrtps_cpp' as default
[1.330s] -- Looking for pthread.h
[1.427s] -- Looking for pthread.h - found
[1.428s] -- Performing Test CMAKE_HAVE_LIBC_PTHREAD
[1.559s] -- Performing Test CMAKE_HAVE_LIBC_PTHREAD - Success
[1.561s] -- Found Threads: TRUE  
[1.660s] -- Found ament_lint_auto: 0.12.11 (/opt/ros/humble/share/ament_lint_auto/cmake)
[1.762s] -- Added test 'lint_cmake' to check CMake code style
[1.763s] -- Added test 'xmllint' to check XML markup files
[1.764s] -- Configuring done
[1.768s] -- Generating done
[1.771s] -- Build files have been written to: /home/gfave/sim_mid/build/my_robot_controller
[1.784s] Invoked command in '/home/gfave/sim_mid/build/my_robot_controller' returned '0': CMAKE_PREFIX_PATH=${CMAKE_PREFIX_PATH}:/home/gfave/ros2brovtest_ws/install/ping_sonar_ros:/home/gfave/ros2brovtest_ws/install/autonomous_rov:/home/gfave/install/ping_sonar_ros:/home/gfave/install/autonomous_rov:/opt/ros/humble /usr/bin/cmake /home/gfave/sim_mid/src/my_robot_controller -DCMAKE_INSTALL_PREFIX=/home/gfave/sim_mid/install/my_robot_controller
[1.784s] Invoking command in '/home/gfave/sim_mid/build/my_robot_controller': CMAKE_PREFIX_PATH=${CMAKE_PREFIX_PATH}:/home/gfave/ros2brovtest_ws/install/ping_sonar_ros:/home/gfave/ros2brovtest_ws/install/autonomous_rov:/home/gfave/install/ping_sonar_ros:/home/gfave/install/autonomous_rov:/opt/ros/humble /usr/bin/cmake --build /home/gfave/sim_mid/build/my_robot_controller -- -j8 -l8
[1.833s] Invoked command in '/home/gfave/sim_mid/build/my_robot_controller' returned '0': CMAKE_PREFIX_PATH=${CMAKE_PREFIX_PATH}:/home/gfave/ros2brovtest_ws/install/ping_sonar_ros:/home/gfave/ros2brovtest_ws/install/autonomous_rov:/home/gfave/install/ping_sonar_ros:/home/gfave/install/autonomous_rov:/opt/ros/humble /usr/bin/cmake --build /home/gfave/sim_mid/build/my_robot_controller -- -j8 -l8
[1.855s] Invoking command in '/home/gfave/sim_mid/build/my_robot_controller': CMAKE_PREFIX_PATH=${CMAKE_PREFIX_PATH}:/home/gfave/ros2brovtest_ws/install/ping_sonar_ros:/home/gfave/ros2brovtest_ws/install/autonomous_rov:/home/gfave/install/ping_sonar_ros:/home/gfave/install/autonomous_rov:/opt/ros/humble /usr/bin/cmake --install /home/gfave/sim_mid/build/my_robot_controller
[1.863s] -- Install configuration: ""
[1.864s] -- Installing: /home/gfave/sim_mid/install/my_robot_controller/share/ament_index/resource_index/package_run_dependencies/my_robot_controller
[1.864s] -- Installing: /home/gfave/sim_mid/install/my_robot_controller/share/ament_index/resource_index/parent_prefix_path/my_robot_controller
[1.864s] -- Installing: /home/gfave/sim_mid/install/my_robot_controller/share/my_robot_controller/environment/ament_prefix_path.sh
[1.864s] -- Installing: /home/gfave/sim_mid/install/my_robot_controller/share/my_robot_controller/environment/ament_prefix_path.dsv
[1.864s] -- Installing: /home/gfave/sim_mid/install/my_robot_controller/share/my_robot_controller/environment/path.sh
[1.864s] -- Installing: /home/gfave/sim_mid/install/my_robot_controller/share/my_robot_controller/environment/path.dsv
[1.865s] -- Installing: /home/gfave/sim_mid/install/my_robot_controller/share/my_robot_controller/local_setup.bash
[1.865s] -- Installing: /home/gfave/sim_mid/install/my_robot_controller/share/my_robot_controller/local_setup.sh
[1.865s] -- Installing: /home/gfave/sim_mid/install/my_robot_controller/share/my_robot_controller/local_setup.zsh
[1.865s] -- Installing: /home/gfave/sim_mid/install/my_robot_controller/share/my_robot_controller/local_setup.dsv
[1.865s] -- Installing: /home/gfave/sim_mid/install/my_robot_controller/share/my_robot_controller/package.dsv
[1.865s] -- Installing: /home/gfave/sim_mid/install/my_robot_controller/share/ament_index/resource_index/packages/my_robot_controller
[1.865s] -- Installing: /home/gfave/sim_mid/install/my_robot_controller/share/my_robot_controller/cmake/my_robot_controllerConfig.cmake
[1.865s] -- Installing: /home/gfave/sim_mid/install/my_robot_controller/share/my_robot_controller/cmake/my_robot_controllerConfig-version.cmake
[1.865s] -- Installing: /home/gfave/sim_mid/install/my_robot_controller/share/my_robot_controller/package.xml
[1.868s] Invoked command in '/home/gfave/sim_mid/build/my_robot_controller' returned '0': CMAKE_PREFIX_PATH=${CMAKE_PREFIX_PATH}:/home/gfave/ros2brovtest_ws/install/ping_sonar_ros:/home/gfave/ros2brovtest_ws/install/autonomous_rov:/home/gfave/install/ping_sonar_ros:/home/gfave/install/autonomous_rov:/opt/ros/humble /usr/bin/cmake --install /home/gfave/sim_mid/build/my_robot_controller
