[0.015s] Invoking command in '/home/gfave/SIm_mid/build/sum': CMAKE_PREFIX_PATH=${CMAKE_PREFIX_PATH}:/home/gfave/ros2brovtest_ws/install/ping_sonar_ros:/home/gfave/ros2brovtest_ws/install/autonomous_rov:/home/gfave/install/ping_sonar_ros:/home/gfave/install/autonomous_rov:/opt/ros/humble /usr/bin/cmake /home/gfave/SIm_mid/src/sum -DCMAKE_INSTALL_PREFIX=/home/gfave/SIm_mid/install/sum
[0.203s] -- The C compiler identification is GNU 11.4.0
[0.334s] -- The CXX compiler identification is GNU 11.4.0
[0.349s] -- Detecting C compiler ABI info
[0.457s] -- Detecting C compiler ABI info - done
[0.471s] -- Check for working C compiler: /usr/bin/cc - skipped
[0.473s] -- Detecting C compile features
[0.474s] -- Detecting C compile features - done
[0.481s] -- Detecting CXX compiler ABI info
[0.618s] -- Detecting CXX compiler ABI info - done
[0.634s] -- Check for working CXX compiler: /usr/bin/c++ - skipped
[0.635s] -- Detecting CXX compile features
[0.636s] -- Detecting CXX compile features - done
[0.659s] -- Found ament_cmake: 1.3.10 (/opt/ros/humble/share/ament_cmake/cmake)
[0.935s] -- Found Python3: /usr/bin/python3 (found version "3.10.12") found components: Interpreter 
[1.111s] -- Found rclcpp: 16.0.10 (/opt/ros/humble/share/rclcpp/cmake)
[1.226s] -- Found rosidl_generator_c: 3.1.5 (/opt/ros/humble/share/rosidl_generator_c/cmake)
[1.240s] -- Found rosidl_adapter: 3.1.5 (/opt/ros/humble/share/rosidl_adapter/cmake)
[1.263s] -- Found rosidl_generator_cpp: 3.1.5 (/opt/ros/humble/share/rosidl_generator_cpp/cmake)
[1.299s] -- Using all available rosidl_typesupport_c: rosidl_typesupport_fastrtps_c;rosidl_typesupport_introspection_c
[1.339s] -- Using all available rosidl_typesupport_cpp: rosidl_typesupport_fastrtps_cpp;rosidl_typesupport_introspection_cpp
[1.442s] -- Found rmw_implementation_cmake: 6.1.2 (/opt/ros/humble/share/rmw_implementation_cmake/cmake)
[1.450s] -- Found rmw_fastrtps_cpp: 6.2.7 (/opt/ros/humble/share/rmw_fastrtps_cpp/cmake)
[1.589s] -- Found OpenSSL: /usr/lib/x86_64-linux-gnu/libcrypto.so (found version "3.0.2")  
[1.622s] -- Found FastRTPS: /opt/ros/humble/include  
[1.672s] -- Using RMW implementation 'rmw_fastrtps_cpp' as default
[1.690s] -- Looking for pthread.h
[1.777s] -- Looking for pthread.h - found
[1.778s] -- Performing Test CMAKE_HAVE_LIBC_PTHREAD
[1.867s] -- Performing Test CMAKE_HAVE_LIBC_PTHREAD - Success
[1.868s] -- Found Threads: TRUE  
[1.981s] -- Found ament_lint_auto: 0.12.11 (/opt/ros/humble/share/ament_lint_auto/cmake)
[2.116s] -- Added test 'cppcheck' to perform static code analysis on C / C++ code
[2.117s] -- Configured cppcheck include dirs: $<BUILD_INTERFACE:/home/gfave/SIm_mid/src/sum/include>
[2.117s] -- Configured cppcheck exclude dirs and/or files: 
[2.119s] -- Added test 'lint_cmake' to check CMake code style
[2.122s] -- Added test 'uncrustify' to check C / C++ code style
[2.123s] -- Configured uncrustify additional arguments: 
[2.124s] -- Added test 'xmllint' to check XML markup files
[2.127s] -- Configuring done
[2.144s] -- Generating done
[2.147s] -- Build files have been written to: /home/gfave/SIm_mid/build/sum
[2.163s] Invoked command in '/home/gfave/SIm_mid/build/sum' returned '0': CMAKE_PREFIX_PATH=${CMAKE_PREFIX_PATH}:/home/gfave/ros2brovtest_ws/install/ping_sonar_ros:/home/gfave/ros2brovtest_ws/install/autonomous_rov:/home/gfave/install/ping_sonar_ros:/home/gfave/install/autonomous_rov:/opt/ros/humble /usr/bin/cmake /home/gfave/SIm_mid/src/sum -DCMAKE_INSTALL_PREFIX=/home/gfave/SIm_mid/install/sum
[2.166s] Invoking command in '/home/gfave/SIm_mid/build/sum': CMAKE_PREFIX_PATH=${CMAKE_PREFIX_PATH}:/home/gfave/ros2brovtest_ws/install/ping_sonar_ros:/home/gfave/ros2brovtest_ws/install/autonomous_rov:/home/gfave/install/ping_sonar_ros:/home/gfave/install/autonomous_rov:/opt/ros/humble /usr/bin/cmake --build /home/gfave/SIm_mid/build/sum -- -j8 -l8
[2.249s] [ 50%] [32mBuilding CXX object CMakeFiles/sum_node.dir/src/sum.cpp.o[0m
[14.458s] [100%] [32m[1mLinking CXX executable sum_node[0m
[15.129s] [100%] Built target sum_node
[15.149s] Invoked command in '/home/gfave/SIm_mid/build/sum' returned '0': CMAKE_PREFIX_PATH=${CMAKE_PREFIX_PATH}:/home/gfave/ros2brovtest_ws/install/ping_sonar_ros:/home/gfave/ros2brovtest_ws/install/autonomous_rov:/home/gfave/install/ping_sonar_ros:/home/gfave/install/autonomous_rov:/opt/ros/humble /usr/bin/cmake --build /home/gfave/SIm_mid/build/sum -- -j8 -l8
[15.207s] Invoking command in '/home/gfave/SIm_mid/build/sum': CMAKE_PREFIX_PATH=${CMAKE_PREFIX_PATH}:/home/gfave/ros2brovtest_ws/install/ping_sonar_ros:/home/gfave/ros2brovtest_ws/install/autonomous_rov:/home/gfave/install/ping_sonar_ros:/home/gfave/install/autonomous_rov:/opt/ros/humble /usr/bin/cmake --install /home/gfave/SIm_mid/build/sum
[15.219s] -- Install configuration: ""
[15.219s] -- Installing: /home/gfave/SIm_mid/install/sum/lib/sum/sum_node
[15.224s] -- Set runtime path of "/home/gfave/SIm_mid/install/sum/lib/sum/sum_node" to ""
[15.224s] -- Installing: /home/gfave/SIm_mid/install/sum/share/ament_index/resource_index/package_run_dependencies/sum
[15.225s] -- Installing: /home/gfave/SIm_mid/install/sum/share/ament_index/resource_index/parent_prefix_path/sum
[15.225s] -- Installing: /home/gfave/SIm_mid/install/sum/share/sum/environment/ament_prefix_path.sh
[15.225s] -- Installing: /home/gfave/SIm_mid/install/sum/share/sum/environment/ament_prefix_path.dsv
[15.226s] -- Installing: /home/gfave/SIm_mid/install/sum/share/sum/environment/path.sh
[15.226s] -- Installing: /home/gfave/SIm_mid/install/sum/share/sum/environment/path.dsv
[15.226s] -- Installing: /home/gfave/SIm_mid/install/sum/share/sum/local_setup.bash
[15.227s] -- Installing: /home/gfave/SIm_mid/install/sum/share/sum/local_setup.sh
[15.227s] -- Installing: /home/gfave/SIm_mid/install/sum/share/sum/local_setup.zsh
[15.227s] -- Installing: /home/gfave/SIm_mid/install/sum/share/sum/local_setup.dsv
[15.227s] -- Installing: /home/gfave/SIm_mid/install/sum/share/sum/package.dsv
[15.228s] -- Installing: /home/gfave/SIm_mid/install/sum/share/ament_index/resource_index/packages/sum
[15.228s] -- Installing: /home/gfave/SIm_mid/install/sum/share/sum/cmake/sumConfig.cmake
[15.228s] -- Installing: /home/gfave/SIm_mid/install/sum/share/sum/cmake/sumConfig-version.cmake
[15.228s] -- Installing: /home/gfave/SIm_mid/install/sum/share/sum/package.xml
[15.232s] Invoked command in '/home/gfave/SIm_mid/build/sum' returned '0': CMAKE_PREFIX_PATH=${CMAKE_PREFIX_PATH}:/home/gfave/ros2brovtest_ws/install/ping_sonar_ros:/home/gfave/ros2brovtest_ws/install/autonomous_rov:/home/gfave/install/ping_sonar_ros:/home/gfave/install/autonomous_rov:/opt/ros/humble /usr/bin/cmake --install /home/gfave/SIm_mid/build/sum
