[0.245s] DEBUG:colcon:Command line arguments: ['/usr/bin/colcon', 'build']
[0.245s] DEBUG:colcon:Parsed command line arguments: Namespace(log_base=None, log_level=None, verb_name='build', build_base='build', install_base='install', merge_install=False, symlink_install=False, test_result_base=None, continue_on_error=False, executor='parallel', parallel_workers=8, event_handlers=None, ignore_user_meta=False, metas=['./colcon.meta'], base_paths=['.'], packages_ignore=None, packages_ignore_regex=None, paths=None, packages_up_to=None, packages_up_to_regex=None, packages_above=None, packages_above_and_dependencies=None, packages_above_depth=None, packages_select_by_dep=None, packages_skip_by_dep=None, packages_skip_up_to=None, packages_select_build_failed=False, packages_skip_build_finished=False, packages_select_test_failures=False, packages_skip_test_passed=False, packages_select=None, packages_skip=None, packages_select_regex=None, packages_skip_regex=None, packages_start=None, packages_end=None, allow_overriding=[], cmake_args=None, cmake_target=None, cmake_target_skip_unavailable=False, cmake_clean_cache=False, cmake_clean_first=False, cmake_force_configure=False, ament_cmake_args=None, catkin_cmake_args=None, catkin_skip_building_tests=False, mixin_files=None, mixin=None, verb_parser=<colcon_mixin.mixin.mixin_argument.MixinArgumentDecorator object at 0x7533b021cfa0>, verb_extension=<colcon_core.verb.build.BuildVerb object at 0x7533b0369600>, main=<bound method BuildVerb.main of <colcon_core.verb.build.BuildVerb object at 0x7533b0369600>>, mixin_verb=('build',))
[0.645s] Level 1:colcon.colcon_core.package_discovery:discover_packages(colcon_meta) check parameters
[0.645s] Level 1:colcon.colcon_core.package_discovery:discover_packages(recursive) check parameters
[0.645s] Level 1:colcon.colcon_core.package_discovery:discover_packages(ignore) check parameters
[0.645s] Level 1:colcon.colcon_core.package_discovery:discover_packages(path) check parameters
[0.645s] Level 1:colcon.colcon_core.package_discovery:discover_packages(colcon_meta) discover
[0.645s] Level 1:colcon.colcon_core.package_discovery:discover_packages(recursive) discover
[0.645s] INFO:colcon.colcon_core.package_discovery:Crawling recursively for packages in '/home/gfave/SIm_mid/src'
[0.645s] Level 1:colcon.colcon_core.package_identification:_identify(.) by extensions ['ignore', 'ignore_ament_install']
[0.645s] Level 1:colcon.colcon_core.package_identification:_identify(.) by extension 'ignore'
[0.646s] Level 1:colcon.colcon_core.package_identification:_identify(.) by extension 'ignore_ament_install'
[0.646s] Level 1:colcon.colcon_core.package_identification:_identify(.) by extensions ['colcon_pkg']
[0.646s] Level 1:colcon.colcon_core.package_identification:_identify(.) by extension 'colcon_pkg'
[0.646s] Level 1:colcon.colcon_core.package_identification:_identify(.) by extensions ['colcon_meta']
[0.646s] Level 1:colcon.colcon_core.package_identification:_identify(.) by extension 'colcon_meta'
[0.646s] Level 1:colcon.colcon_core.package_identification:_identify(.) by extensions ['ros']
[0.646s] Level 1:colcon.colcon_core.package_identification:_identify(.) by extension 'ros'
[0.658s] Level 1:colcon.colcon_core.package_identification:_identify(.) by extensions ['cmake', 'python']
[0.658s] Level 1:colcon.colcon_core.package_identification:_identify(.) by extension 'cmake'
[0.658s] Level 1:colcon.colcon_core.package_identification:_identify(.) by extension 'python'
[0.658s] Level 1:colcon.colcon_core.package_identification:_identify(.) by extensions ['python_setup_py']
[0.658s] Level 1:colcon.colcon_core.package_identification:_identify(.) by extension 'python_setup_py'
[0.658s] Level 1:colcon.colcon_core.package_identification:_identify(build) by extensions ['ignore', 'ignore_ament_install']
[0.658s] Level 1:colcon.colcon_core.package_identification:_identify(build) by extension 'ignore'
[0.658s] Level 1:colcon.colcon_core.package_identification:_identify(build) ignored
[0.658s] Level 1:colcon.colcon_core.package_identification:_identify(examples) by extensions ['ignore', 'ignore_ament_install']
[0.658s] Level 1:colcon.colcon_core.package_identification:_identify(examples) by extension 'ignore'
[0.658s] Level 1:colcon.colcon_core.package_identification:_identify(examples) by extension 'ignore_ament_install'
[0.658s] Level 1:colcon.colcon_core.package_identification:_identify(examples) by extensions ['colcon_pkg']
[0.658s] Level 1:colcon.colcon_core.package_identification:_identify(examples) by extension 'colcon_pkg'
[0.659s] Level 1:colcon.colcon_core.package_identification:_identify(examples) by extensions ['colcon_meta']
[0.659s] Level 1:colcon.colcon_core.package_identification:_identify(examples) by extension 'colcon_meta'
[0.659s] Level 1:colcon.colcon_core.package_identification:_identify(examples) by extensions ['ros']
[0.659s] Level 1:colcon.colcon_core.package_identification:_identify(examples) by extension 'ros'
[0.663s] DEBUG:colcon.colcon_core.package_identification:Package 'examples' with type 'ros.ament_cmake' and name 'examples'
[0.663s] Level 1:colcon.colcon_core.package_identification:_identify(install) by extensions ['ignore', 'ignore_ament_install']
[0.663s] Level 1:colcon.colcon_core.package_identification:_identify(install) by extension 'ignore'
[0.663s] Level 1:colcon.colcon_core.package_identification:_identify(install) ignored
[0.663s] Level 1:colcon.colcon_core.package_identification:_identify(log) by extensions ['ignore', 'ignore_ament_install']
[0.663s] Level 1:colcon.colcon_core.package_identification:_identify(log) by extension 'ignore'
[0.663s] Level 1:colcon.colcon_core.package_identification:_identify(log) ignored
[0.663s] Level 1:colcon.colcon_core.package_identification:_identify(my_robot_controller) by extensions ['ignore', 'ignore_ament_install']
[0.664s] Level 1:colcon.colcon_core.package_identification:_identify(my_robot_controller) by extension 'ignore'
[0.664s] Level 1:colcon.colcon_core.package_identification:_identify(my_robot_controller) by extension 'ignore_ament_install'
[0.664s] Level 1:colcon.colcon_core.package_identification:_identify(my_robot_controller) by extensions ['colcon_pkg']
[0.664s] Level 1:colcon.colcon_core.package_identification:_identify(my_robot_controller) by extension 'colcon_pkg'
[0.664s] Level 1:colcon.colcon_core.package_identification:_identify(my_robot_controller) by extensions ['colcon_meta']
[0.664s] Level 1:colcon.colcon_core.package_identification:_identify(my_robot_controller) by extension 'colcon_meta'
[0.664s] Level 1:colcon.colcon_core.package_identification:_identify(my_robot_controller) by extensions ['ros']
[0.664s] Level 1:colcon.colcon_core.package_identification:_identify(my_robot_controller) by extension 'ros'
[0.665s] DEBUG:colcon.colcon_core.package_identification:Package 'my_robot_controller' with type 'ros.ament_cmake' and name 'my_robot_controller'
[0.665s] Level 1:colcon.colcon_core.package_identification:_identify(sum) by extensions ['ignore', 'ignore_ament_install']
[0.665s] Level 1:colcon.colcon_core.package_identification:_identify(sum) by extension 'ignore'
[0.665s] Level 1:colcon.colcon_core.package_identification:_identify(sum) by extension 'ignore_ament_install'
[0.665s] Level 1:colcon.colcon_core.package_identification:_identify(sum) by extensions ['colcon_pkg']
[0.665s] Level 1:colcon.colcon_core.package_identification:_identify(sum) by extension 'colcon_pkg'
[0.665s] Level 1:colcon.colcon_core.package_identification:_identify(sum) by extensions ['colcon_meta']
[0.665s] Level 1:colcon.colcon_core.package_identification:_identify(sum) by extension 'colcon_meta'
[0.665s] Level 1:colcon.colcon_core.package_identification:_identify(sum) by extensions ['ros']
[0.665s] Level 1:colcon.colcon_core.package_identification:_identify(sum) by extension 'ros'
[0.666s] DEBUG:colcon.colcon_core.package_identification:Package 'sum' with type 'ros.ament_cmake' and name 'sum'
[0.666s] Level 1:colcon.colcon_core.package_discovery:discover_packages(recursive) using defaults
[0.666s] Level 1:colcon.colcon_core.package_discovery:discover_packages(ignore) discover
[0.666s] Level 1:colcon.colcon_core.package_discovery:discover_packages(ignore) using defaults
[0.666s] Level 1:colcon.colcon_core.package_discovery:discover_packages(path) discover
[0.666s] Level 1:colcon.colcon_core.package_discovery:discover_packages(path) using defaults
[0.711s] Level 1:colcon.colcon_core.package_discovery:discover_packages(prefix_path) check parameters
[0.711s] Level 1:colcon.colcon_core.package_discovery:discover_packages(prefix_path) discover
[0.721s] DEBUG:colcon.colcon_installed_package_information.package_discovery:Found 2 installed packages in /home/gfave/sim_mid/install
[0.722s] DEBUG:colcon.colcon_installed_package_information.package_discovery:Found 2 installed packages in /home/gfave/ros2brovtest_ws/install
[0.723s] DEBUG:colcon.colcon_installed_package_information.package_discovery:Found 4 installed packages in /home/gfave/install
[0.725s] DEBUG:colcon.colcon_installed_package_information.package_discovery:Found 305 installed packages in /opt/ros/humble
[0.737s] Level 1:colcon.colcon_core.package_discovery:discover_packages(prefix_path) using defaults
[0.834s] Level 5:colcon.colcon_core.verb:set package 'examples' build argument 'cmake_args' from command line to 'None'
[0.834s] Level 5:colcon.colcon_core.verb:set package 'examples' build argument 'cmake_target' from command line to 'None'
[0.834s] Level 5:colcon.colcon_core.verb:set package 'examples' build argument 'cmake_target_skip_unavailable' from command line to 'False'
[0.834s] Level 5:colcon.colcon_core.verb:set package 'examples' build argument 'cmake_clean_cache' from command line to 'False'
[0.834s] Level 5:colcon.colcon_core.verb:set package 'examples' build argument 'cmake_clean_first' from command line to 'False'
[0.834s] Level 5:colcon.colcon_core.verb:set package 'examples' build argument 'cmake_force_configure' from command line to 'False'
[0.834s] Level 5:colcon.colcon_core.verb:set package 'examples' build argument 'ament_cmake_args' from command line to 'None'
[0.834s] Level 5:colcon.colcon_core.verb:set package 'examples' build argument 'catkin_cmake_args' from command line to 'None'
[0.834s] Level 5:colcon.colcon_core.verb:set package 'examples' build argument 'catkin_skip_building_tests' from command line to 'False'
[0.834s] DEBUG:colcon.colcon_core.verb:Building package 'examples' with the following arguments: {'ament_cmake_args': None, 'build_base': '/home/gfave/SIm_mid/src/build/examples', 'catkin_cmake_args': None, 'catkin_skip_building_tests': False, 'cmake_args': None, 'cmake_clean_cache': False, 'cmake_clean_first': False, 'cmake_force_configure': False, 'cmake_target': None, 'cmake_target_skip_unavailable': False, 'install_base': '/home/gfave/SIm_mid/src/install/examples', 'merge_install': False, 'path': '/home/gfave/SIm_mid/src/examples', 'symlink_install': False, 'test_result_base': None}
[0.835s] Level 5:colcon.colcon_core.verb:set package 'my_robot_controller' build argument 'cmake_args' from command line to 'None'
[0.835s] Level 5:colcon.colcon_core.verb:set package 'my_robot_controller' build argument 'cmake_target' from command line to 'None'
[0.835s] Level 5:colcon.colcon_core.verb:set package 'my_robot_controller' build argument 'cmake_target_skip_unavailable' from command line to 'False'
[0.835s] Level 5:colcon.colcon_core.verb:set package 'my_robot_controller' build argument 'cmake_clean_cache' from command line to 'False'
[0.835s] Level 5:colcon.colcon_core.verb:set package 'my_robot_controller' build argument 'cmake_clean_first' from command line to 'False'
[0.835s] Level 5:colcon.colcon_core.verb:set package 'my_robot_controller' build argument 'cmake_force_configure' from command line to 'False'
[0.835s] Level 5:colcon.colcon_core.verb:set package 'my_robot_controller' build argument 'ament_cmake_args' from command line to 'None'
[0.835s] Level 5:colcon.colcon_core.verb:set package 'my_robot_controller' build argument 'catkin_cmake_args' from command line to 'None'
[0.835s] Level 5:colcon.colcon_core.verb:set package 'my_robot_controller' build argument 'catkin_skip_building_tests' from command line to 'False'
[0.835s] DEBUG:colcon.colcon_core.verb:Building package 'my_robot_controller' with the following arguments: {'ament_cmake_args': None, 'build_base': '/home/gfave/SIm_mid/src/build/my_robot_controller', 'catkin_cmake_args': None, 'catkin_skip_building_tests': False, 'cmake_args': None, 'cmake_clean_cache': False, 'cmake_clean_first': False, 'cmake_force_configure': False, 'cmake_target': None, 'cmake_target_skip_unavailable': False, 'install_base': '/home/gfave/SIm_mid/src/install/my_robot_controller', 'merge_install': False, 'path': '/home/gfave/SIm_mid/src/my_robot_controller', 'symlink_install': False, 'test_result_base': None}
[0.835s] Level 5:colcon.colcon_core.verb:set package 'sum' build argument 'cmake_args' from command line to 'None'
[0.835s] Level 5:colcon.colcon_core.verb:set package 'sum' build argument 'cmake_target' from command line to 'None'
[0.835s] Level 5:colcon.colcon_core.verb:set package 'sum' build argument 'cmake_target_skip_unavailable' from command line to 'False'
[0.835s] Level 5:colcon.colcon_core.verb:set package 'sum' build argument 'cmake_clean_cache' from command line to 'False'
[0.835s] Level 5:colcon.colcon_core.verb:set package 'sum' build argument 'cmake_clean_first' from command line to 'False'
[0.835s] Level 5:colcon.colcon_core.verb:set package 'sum' build argument 'cmake_force_configure' from command line to 'False'
[0.835s] Level 5:colcon.colcon_core.verb:set package 'sum' build argument 'ament_cmake_args' from command line to 'None'
[0.835s] Level 5:colcon.colcon_core.verb:set package 'sum' build argument 'catkin_cmake_args' from command line to 'None'
[0.835s] Level 5:colcon.colcon_core.verb:set package 'sum' build argument 'catkin_skip_building_tests' from command line to 'False'
[0.835s] DEBUG:colcon.colcon_core.verb:Building package 'sum' with the following arguments: {'ament_cmake_args': None, 'build_base': '/home/gfave/SIm_mid/src/build/sum', 'catkin_cmake_args': None, 'catkin_skip_building_tests': False, 'cmake_args': None, 'cmake_clean_cache': False, 'cmake_clean_first': False, 'cmake_force_configure': False, 'cmake_target': None, 'cmake_target_skip_unavailable': False, 'install_base': '/home/gfave/SIm_mid/src/install/sum', 'merge_install': False, 'path': '/home/gfave/SIm_mid/src/sum', 'symlink_install': False, 'test_result_base': None}
[0.835s] INFO:colcon.colcon_core.executor:Executing jobs using 'parallel' executor
[0.837s] DEBUG:colcon.colcon_parallel_executor.executor.parallel:run_until_complete
[0.837s] INFO:colcon.colcon_ros.task.ament_cmake.build:Building ROS package in '/home/gfave/SIm_mid/src/examples' with build type 'ament_cmake'
[0.837s] INFO:colcon.colcon_cmake.task.cmake.build:Building CMake package in '/home/gfave/SIm_mid/src/examples'
[0.843s] INFO:colcon.colcon_core.plugin_system:Skipping extension 'colcon_core.shell.bat': Not used on non-Windows systems
[0.844s] INFO:colcon.colcon_core.shell:Skip shell extension 'powershell' for command environment: Not usable outside of PowerShell
[0.844s] DEBUG:colcon.colcon_core.shell:Skip shell extension 'dsv' for command environment
[0.849s] INFO:colcon.colcon_ros.task.ament_cmake.build:Building ROS package in '/home/gfave/SIm_mid/src/my_robot_controller' with build type 'ament_cmake'
[0.849s] INFO:colcon.colcon_cmake.task.cmake.build:Building CMake package in '/home/gfave/SIm_mid/src/my_robot_controller'
[0.850s] INFO:colcon.colcon_core.shell:Skip shell extension 'powershell' for command environment: Not usable outside of PowerShell
[0.850s] DEBUG:colcon.colcon_core.shell:Skip shell extension 'dsv' for command environment
[0.856s] INFO:colcon.colcon_ros.task.ament_cmake.build:Building ROS package in '/home/gfave/SIm_mid/src/sum' with build type 'ament_cmake'
[0.856s] INFO:colcon.colcon_cmake.task.cmake.build:Building CMake package in '/home/gfave/SIm_mid/src/sum'
[0.857s] INFO:colcon.colcon_core.shell:Skip shell extension 'powershell' for command environment: Not usable outside of PowerShell
[0.857s] DEBUG:colcon.colcon_core.shell:Skip shell extension 'dsv' for command environment
[0.867s] DEBUG:colcon.colcon_core.event_handler.log_command:Invoking command in '/home/gfave/SIm_mid/src/build/examples': CMAKE_PREFIX_PATH=${CMAKE_PREFIX_PATH}:/home/gfave/ros2brovtest_ws/install/ping_sonar_ros:/home/gfave/ros2brovtest_ws/install/autonomous_rov:/home/gfave/install/ping_sonar_ros:/home/gfave/install/autonomous_rov:/opt/ros/humble /usr/bin/cmake /home/gfave/SIm_mid/src/examples -DCMAKE_INSTALL_PREFIX=/home/gfave/SIm_mid/src/install/examples
[0.876s] DEBUG:colcon.colcon_core.event_handler.log_command:Invoking command in '/home/gfave/SIm_mid/src/build/my_robot_controller': CMAKE_PREFIX_PATH=${CMAKE_PREFIX_PATH}:/home/gfave/ros2brovtest_ws/install/ping_sonar_ros:/home/gfave/ros2brovtest_ws/install/autonomous_rov:/home/gfave/install/ping_sonar_ros:/home/gfave/install/autonomous_rov:/opt/ros/humble /usr/bin/cmake /home/gfave/SIm_mid/src/my_robot_controller -DCMAKE_INSTALL_PREFIX=/home/gfave/SIm_mid/src/install/my_robot_controller
[0.880s] DEBUG:colcon.colcon_core.event_handler.log_command:Invoking command in '/home/gfave/SIm_mid/src/build/sum': CMAKE_PREFIX_PATH=${CMAKE_PREFIX_PATH}:/home/gfave/ros2brovtest_ws/install/ping_sonar_ros:/home/gfave/ros2brovtest_ws/install/autonomous_rov:/home/gfave/install/ping_sonar_ros:/home/gfave/install/autonomous_rov:/opt/ros/humble /usr/bin/cmake /home/gfave/SIm_mid/src/sum -DCMAKE_INSTALL_PREFIX=/home/gfave/SIm_mid/src/install/sum
[2.333s] DEBUG:colcon.colcon_core.event_handler.log_command:Invoked command in '/home/gfave/SIm_mid/src/build/sum' returned '0': CMAKE_PREFIX_PATH=${CMAKE_PREFIX_PATH}:/home/gfave/ros2brovtest_ws/install/ping_sonar_ros:/home/gfave/ros2brovtest_ws/install/autonomous_rov:/home/gfave/install/ping_sonar_ros:/home/gfave/install/autonomous_rov:/opt/ros/humble /usr/bin/cmake /home/gfave/SIm_mid/src/sum -DCMAKE_INSTALL_PREFIX=/home/gfave/SIm_mid/src/install/sum
[2.336s] DEBUG:colcon.colcon_core.event_handler.log_command:Invoking command in '/home/gfave/SIm_mid/src/build/sum': CMAKE_PREFIX_PATH=${CMAKE_PREFIX_PATH}:/home/gfave/ros2brovtest_ws/install/ping_sonar_ros:/home/gfave/ros2brovtest_ws/install/autonomous_rov:/home/gfave/install/ping_sonar_ros:/home/gfave/install/autonomous_rov:/opt/ros/humble /usr/bin/cmake --build /home/gfave/SIm_mid/src/build/sum -- -j8 -l8
[2.338s] DEBUG:colcon.colcon_core.event_handler.log_command:Invoked command in '/home/gfave/SIm_mid/src/build/examples' returned '0': CMAKE_PREFIX_PATH=${CMAKE_PREFIX_PATH}:/home/gfave/ros2brovtest_ws/install/ping_sonar_ros:/home/gfave/ros2brovtest_ws/install/autonomous_rov:/home/gfave/install/ping_sonar_ros:/home/gfave/install/autonomous_rov:/opt/ros/humble /usr/bin/cmake /home/gfave/SIm_mid/src/examples -DCMAKE_INSTALL_PREFIX=/home/gfave/SIm_mid/src/install/examples
[2.341s] DEBUG:colcon.colcon_core.event_handler.log_command:Invoking command in '/home/gfave/SIm_mid/src/build/examples': CMAKE_PREFIX_PATH=${CMAKE_PREFIX_PATH}:/home/gfave/ros2brovtest_ws/install/ping_sonar_ros:/home/gfave/ros2brovtest_ws/install/autonomous_rov:/home/gfave/install/ping_sonar_ros:/home/gfave/install/autonomous_rov:/opt/ros/humble /usr/bin/cmake --build /home/gfave/SIm_mid/src/build/examples -- -j8 -l8
[2.395s] DEBUG:colcon.colcon_core.event_handler.log_command:Invoked command in '/home/gfave/SIm_mid/src/build/examples' returned '0': CMAKE_PREFIX_PATH=${CMAKE_PREFIX_PATH}:/home/gfave/ros2brovtest_ws/install/ping_sonar_ros:/home/gfave/ros2brovtest_ws/install/autonomous_rov:/home/gfave/install/ping_sonar_ros:/home/gfave/install/autonomous_rov:/opt/ros/humble /usr/bin/cmake --build /home/gfave/SIm_mid/src/build/examples -- -j8 -l8
[2.440s] DEBUG:colcon.colcon_core.event_handler.log_command:Invoking command in '/home/gfave/SIm_mid/src/build/examples': CMAKE_PREFIX_PATH=${CMAKE_PREFIX_PATH}:/home/gfave/ros2brovtest_ws/install/ping_sonar_ros:/home/gfave/ros2brovtest_ws/install/autonomous_rov:/home/gfave/install/ping_sonar_ros:/home/gfave/install/autonomous_rov:/opt/ros/humble /usr/bin/cmake --install /home/gfave/SIm_mid/src/build/examples
[2.457s] Level 1:colcon.colcon_core.environment:create_environment_scripts_only(examples)
[2.459s] DEBUG:colcon.colcon_core.event_handler.log_command:Invoked command in '/home/gfave/SIm_mid/src/build/examples' returned '0': CMAKE_PREFIX_PATH=${CMAKE_PREFIX_PATH}:/home/gfave/ros2brovtest_ws/install/ping_sonar_ros:/home/gfave/ros2brovtest_ws/install/autonomous_rov:/home/gfave/install/ping_sonar_ros:/home/gfave/install/autonomous_rov:/opt/ros/humble /usr/bin/cmake --install /home/gfave/SIm_mid/src/build/examples
[2.470s] Level 1:colcon.colcon_core.environment:checking '/home/gfave/SIm_mid/src/install/examples' for CMake module files
[2.470s] Level 1:colcon.colcon_core.environment:checking '/home/gfave/SIm_mid/src/install/examples' for CMake config files
[2.471s] Level 1:colcon.colcon_core.shell:create_environment_hook('examples', 'cmake_prefix_path')
[2.472s] INFO:colcon.colcon_core.shell:Creating environment hook '/home/gfave/SIm_mid/src/install/examples/share/examples/hook/cmake_prefix_path.ps1'
[2.474s] INFO:colcon.colcon_core.shell:Creating environment descriptor '/home/gfave/SIm_mid/src/install/examples/share/examples/hook/cmake_prefix_path.dsv'
[2.475s] INFO:colcon.colcon_core.shell:Creating environment hook '/home/gfave/SIm_mid/src/install/examples/share/examples/hook/cmake_prefix_path.sh'
[2.478s] Level 1:colcon.colcon_core.environment:checking '/home/gfave/SIm_mid/src/install/examples/bin'
[2.478s] Level 1:colcon.colcon_core.environment:checking '/home/gfave/SIm_mid/src/install/examples/lib/pkgconfig/examples.pc'
[2.478s] Level 1:colcon.colcon_core.environment:checking '/home/gfave/SIm_mid/src/install/examples/lib/python3.10/site-packages'
[2.479s] Level 1:colcon.colcon_core.environment:checking '/home/gfave/SIm_mid/src/install/examples/bin'
[2.479s] INFO:colcon.colcon_core.shell:Creating package script '/home/gfave/SIm_mid/src/install/examples/share/examples/package.ps1'
[2.481s] INFO:colcon.colcon_core.shell:Creating package descriptor '/home/gfave/SIm_mid/src/install/examples/share/examples/package.dsv'
[2.482s] INFO:colcon.colcon_core.shell:Creating package script '/home/gfave/SIm_mid/src/install/examples/share/examples/package.sh'
[2.484s] INFO:colcon.colcon_core.shell:Creating package script '/home/gfave/SIm_mid/src/install/examples/share/examples/package.bash'
[2.486s] INFO:colcon.colcon_core.shell:Creating package script '/home/gfave/SIm_mid/src/install/examples/share/examples/package.zsh'
[2.487s] Level 1:colcon.colcon_core.environment:create_file_with_runtime_dependencies(/home/gfave/SIm_mid/src/install/examples/share/colcon-core/packages/examples)
[2.522s] Level 1:colcon.colcon_core.environment:create_environment_scripts_only(examples)
[2.523s] Level 1:colcon.colcon_core.environment:checking '/home/gfave/SIm_mid/src/install/examples' for CMake module files
[2.524s] Level 1:colcon.colcon_core.environment:checking '/home/gfave/SIm_mid/src/install/examples' for CMake config files
[2.525s] Level 1:colcon.colcon_core.shell:create_environment_hook('examples', 'cmake_prefix_path')
[2.526s] INFO:colcon.colcon_core.shell:Creating environment hook '/home/gfave/SIm_mid/src/install/examples/share/examples/hook/cmake_prefix_path.ps1'
[2.527s] INFO:colcon.colcon_core.shell:Creating environment descriptor '/home/gfave/SIm_mid/src/install/examples/share/examples/hook/cmake_prefix_path.dsv'
[2.528s] INFO:colcon.colcon_core.shell:Creating environment hook '/home/gfave/SIm_mid/src/install/examples/share/examples/hook/cmake_prefix_path.sh'
[2.529s] Level 1:colcon.colcon_core.environment:checking '/home/gfave/SIm_mid/src/install/examples/bin'
[2.529s] Level 1:colcon.colcon_core.environment:checking '/home/gfave/SIm_mid/src/install/examples/lib/pkgconfig/examples.pc'
[2.530s] Level 1:colcon.colcon_core.environment:checking '/home/gfave/SIm_mid/src/install/examples/lib/python3.10/site-packages'
[2.530s] Level 1:colcon.colcon_core.environment:checking '/home/gfave/SIm_mid/src/install/examples/bin'
[2.531s] INFO:colcon.colcon_core.shell:Creating package script '/home/gfave/SIm_mid/src/install/examples/share/examples/package.ps1'
[2.532s] INFO:colcon.colcon_core.shell:Creating package descriptor '/home/gfave/SIm_mid/src/install/examples/share/examples/package.dsv'
[2.533s] INFO:colcon.colcon_core.shell:Creating package script '/home/gfave/SIm_mid/src/install/examples/share/examples/package.sh'
[2.535s] INFO:colcon.colcon_core.shell:Creating package script '/home/gfave/SIm_mid/src/install/examples/share/examples/package.bash'
[2.535s] INFO:colcon.colcon_core.shell:Creating package script '/home/gfave/SIm_mid/src/install/examples/share/examples/package.zsh'
[2.536s] Level 1:colcon.colcon_core.environment:create_file_with_runtime_dependencies(/home/gfave/SIm_mid/src/install/examples/share/colcon-core/packages/examples)
[2.595s] DEBUG:colcon.colcon_core.event_handler.log_command:Invoked command in '/home/gfave/SIm_mid/src/build/sum' returned '0': CMAKE_PREFIX_PATH=${CMAKE_PREFIX_PATH}:/home/gfave/ros2brovtest_ws/install/ping_sonar_ros:/home/gfave/ros2brovtest_ws/install/autonomous_rov:/home/gfave/install/ping_sonar_ros:/home/gfave/install/autonomous_rov:/opt/ros/humble /usr/bin/cmake --build /home/gfave/SIm_mid/src/build/sum -- -j8 -l8
[2.638s] DEBUG:colcon.colcon_core.event_handler.log_command:Invoking command in '/home/gfave/SIm_mid/src/build/sum': CMAKE_PREFIX_PATH=${CMAKE_PREFIX_PATH}:/home/gfave/ros2brovtest_ws/install/ping_sonar_ros:/home/gfave/ros2brovtest_ws/install/autonomous_rov:/home/gfave/install/ping_sonar_ros:/home/gfave/install/autonomous_rov:/opt/ros/humble /usr/bin/cmake --install /home/gfave/SIm_mid/src/build/sum
[2.656s] Level 1:colcon.colcon_core.environment:create_environment_scripts_only(sum)
[2.657s] Level 1:colcon.colcon_core.environment:checking '/home/gfave/SIm_mid/src/install/sum' for CMake module files
[2.658s] DEBUG:colcon.colcon_core.event_handler.log_command:Invoked command in '/home/gfave/SIm_mid/src/build/sum' returned '0': CMAKE_PREFIX_PATH=${CMAKE_PREFIX_PATH}:/home/gfave/ros2brovtest_ws/install/ping_sonar_ros:/home/gfave/ros2brovtest_ws/install/autonomous_rov:/home/gfave/install/ping_sonar_ros:/home/gfave/install/autonomous_rov:/opt/ros/humble /usr/bin/cmake --install /home/gfave/SIm_mid/src/build/sum
[2.659s] Level 1:colcon.colcon_core.environment:checking '/home/gfave/SIm_mid/src/install/sum' for CMake config files
[2.659s] Level 1:colcon.colcon_core.shell:create_environment_hook('sum', 'cmake_prefix_path')
[2.660s] INFO:colcon.colcon_core.shell:Creating environment hook '/home/gfave/SIm_mid/src/install/sum/share/sum/hook/cmake_prefix_path.ps1'
[2.660s] INFO:colcon.colcon_core.shell:Creating environment descriptor '/home/gfave/SIm_mid/src/install/sum/share/sum/hook/cmake_prefix_path.dsv'
[2.661s] INFO:colcon.colcon_core.shell:Creating environment hook '/home/gfave/SIm_mid/src/install/sum/share/sum/hook/cmake_prefix_path.sh'
[2.662s] Level 1:colcon.colcon_core.environment:checking '/home/gfave/SIm_mid/src/install/sum/lib'
[2.662s] Level 1:colcon.colcon_core.environment:checking '/home/gfave/SIm_mid/src/install/sum/bin'
[2.662s] Level 1:colcon.colcon_core.environment:checking '/home/gfave/SIm_mid/src/install/sum/lib/pkgconfig/sum.pc'
[2.663s] Level 1:colcon.colcon_core.environment:checking '/home/gfave/SIm_mid/src/install/sum/lib/python3.10/site-packages'
[2.664s] Level 1:colcon.colcon_core.environment:checking '/home/gfave/SIm_mid/src/install/sum/bin'
[2.664s] INFO:colcon.colcon_core.shell:Creating package script '/home/gfave/SIm_mid/src/install/sum/share/sum/package.ps1'
[2.665s] INFO:colcon.colcon_core.shell:Creating package descriptor '/home/gfave/SIm_mid/src/install/sum/share/sum/package.dsv'
[2.665s] INFO:colcon.colcon_core.shell:Creating package script '/home/gfave/SIm_mid/src/install/sum/share/sum/package.sh'
[2.666s] INFO:colcon.colcon_core.shell:Creating package script '/home/gfave/SIm_mid/src/install/sum/share/sum/package.bash'
[2.667s] INFO:colcon.colcon_core.shell:Creating package script '/home/gfave/SIm_mid/src/install/sum/share/sum/package.zsh'
[2.667s] Level 1:colcon.colcon_core.environment:create_file_with_runtime_dependencies(/home/gfave/SIm_mid/src/install/sum/share/colcon-core/packages/sum)
[2.708s] Level 1:colcon.colcon_core.environment:create_environment_scripts_only(sum)
[2.709s] Level 1:colcon.colcon_core.environment:checking '/home/gfave/SIm_mid/src/install/sum' for CMake module files
[2.710s] Level 1:colcon.colcon_core.environment:checking '/home/gfave/SIm_mid/src/install/sum' for CMake config files
[2.711s] Level 1:colcon.colcon_core.shell:create_environment_hook('sum', 'cmake_prefix_path')
[2.711s] INFO:colcon.colcon_core.shell:Creating environment hook '/home/gfave/SIm_mid/src/install/sum/share/sum/hook/cmake_prefix_path.ps1'
[2.712s] INFO:colcon.colcon_core.shell:Creating environment descriptor '/home/gfave/SIm_mid/src/install/sum/share/sum/hook/cmake_prefix_path.dsv'
[2.713s] INFO:colcon.colcon_core.shell:Creating environment hook '/home/gfave/SIm_mid/src/install/sum/share/sum/hook/cmake_prefix_path.sh'
[2.714s] Level 1:colcon.colcon_core.environment:checking '/home/gfave/SIm_mid/src/install/sum/lib'
[2.714s] Level 1:colcon.colcon_core.environment:checking '/home/gfave/SIm_mid/src/install/sum/bin'
[2.715s] Level 1:colcon.colcon_core.environment:checking '/home/gfave/SIm_mid/src/install/sum/lib/pkgconfig/sum.pc'
[2.715s] Level 1:colcon.colcon_core.environment:checking '/home/gfave/SIm_mid/src/install/sum/lib/python3.10/site-packages'
[2.716s] Level 1:colcon.colcon_core.environment:checking '/home/gfave/SIm_mid/src/install/sum/bin'
[2.717s] INFO:colcon.colcon_core.shell:Creating package script '/home/gfave/SIm_mid/src/install/sum/share/sum/package.ps1'
[2.718s] INFO:colcon.colcon_core.shell:Creating package descriptor '/home/gfave/SIm_mid/src/install/sum/share/sum/package.dsv'
[2.719s] INFO:colcon.colcon_core.shell:Creating package script '/home/gfave/SIm_mid/src/install/sum/share/sum/package.sh'
[2.720s] INFO:colcon.colcon_core.shell:Creating package script '/home/gfave/SIm_mid/src/install/sum/share/sum/package.bash'
[2.721s] INFO:colcon.colcon_core.shell:Creating package script '/home/gfave/SIm_mid/src/install/sum/share/sum/package.zsh'
[2.722s] Level 1:colcon.colcon_core.environment:create_file_with_runtime_dependencies(/home/gfave/SIm_mid/src/install/sum/share/colcon-core/packages/sum)
[3.386s] DEBUG:colcon.colcon_core.event_handler.log_command:Invoked command in '/home/gfave/SIm_mid/src/build/my_robot_controller' returned '0': CMAKE_PREFIX_PATH=${CMAKE_PREFIX_PATH}:/home/gfave/ros2brovtest_ws/install/ping_sonar_ros:/home/gfave/ros2brovtest_ws/install/autonomous_rov:/home/gfave/install/ping_sonar_ros:/home/gfave/install/autonomous_rov:/opt/ros/humble /usr/bin/cmake /home/gfave/SIm_mid/src/my_robot_controller -DCMAKE_INSTALL_PREFIX=/home/gfave/SIm_mid/src/install/my_robot_controller
[3.390s] DEBUG:colcon.colcon_core.event_handler.log_command:Invoking command in '/home/gfave/SIm_mid/src/build/my_robot_controller': CMAKE_PREFIX_PATH=${CMAKE_PREFIX_PATH}:/home/gfave/ros2brovtest_ws/install/ping_sonar_ros:/home/gfave/ros2brovtest_ws/install/autonomous_rov:/home/gfave/install/ping_sonar_ros:/home/gfave/install/autonomous_rov:/opt/ros/humble /usr/bin/cmake --build /home/gfave/SIm_mid/src/build/my_robot_controller -- -j8 -l8
[15.175s] DEBUG:colcon.colcon_core.event_handler.log_command:Invoked command in '/home/gfave/SIm_mid/src/build/my_robot_controller' returned '0': CMAKE_PREFIX_PATH=${CMAKE_PREFIX_PATH}:/home/gfave/ros2brovtest_ws/install/ping_sonar_ros:/home/gfave/ros2brovtest_ws/install/autonomous_rov:/home/gfave/install/ping_sonar_ros:/home/gfave/install/autonomous_rov:/opt/ros/humble /usr/bin/cmake --build /home/gfave/SIm_mid/src/build/my_robot_controller -- -j8 -l8
[15.206s] DEBUG:colcon.colcon_core.event_handler.log_command:Invoking command in '/home/gfave/SIm_mid/src/build/my_robot_controller': CMAKE_PREFIX_PATH=${CMAKE_PREFIX_PATH}:/home/gfave/ros2brovtest_ws/install/ping_sonar_ros:/home/gfave/ros2brovtest_ws/install/autonomous_rov:/home/gfave/install/ping_sonar_ros:/home/gfave/install/autonomous_rov:/opt/ros/humble /usr/bin/cmake --install /home/gfave/SIm_mid/src/build/my_robot_controller
[15.224s] Level 1:colcon.colcon_core.environment:create_environment_scripts_only(my_robot_controller)
[15.225s] Level 1:colcon.colcon_core.environment:checking '/home/gfave/SIm_mid/src/install/my_robot_controller' for CMake module files
[15.225s] DEBUG:colcon.colcon_core.event_handler.log_command:Invoked command in '/home/gfave/SIm_mid/src/build/my_robot_controller' returned '0': CMAKE_PREFIX_PATH=${CMAKE_PREFIX_PATH}:/home/gfave/ros2brovtest_ws/install/ping_sonar_ros:/home/gfave/ros2brovtest_ws/install/autonomous_rov:/home/gfave/install/ping_sonar_ros:/home/gfave/install/autonomous_rov:/opt/ros/humble /usr/bin/cmake --install /home/gfave/SIm_mid/src/build/my_robot_controller
[15.226s] Level 1:colcon.colcon_core.environment:checking '/home/gfave/SIm_mid/src/install/my_robot_controller' for CMake config files
[15.226s] Level 1:colcon.colcon_core.shell:create_environment_hook('my_robot_controller', 'cmake_prefix_path')
[15.226s] INFO:colcon.colcon_core.shell:Creating environment hook '/home/gfave/SIm_mid/src/install/my_robot_controller/share/my_robot_controller/hook/cmake_prefix_path.ps1'
[15.227s] INFO:colcon.colcon_core.shell:Creating environment descriptor '/home/gfave/SIm_mid/src/install/my_robot_controller/share/my_robot_controller/hook/cmake_prefix_path.dsv'
[15.227s] INFO:colcon.colcon_core.shell:Creating environment hook '/home/gfave/SIm_mid/src/install/my_robot_controller/share/my_robot_controller/hook/cmake_prefix_path.sh'
[15.228s] Level 1:colcon.colcon_core.environment:checking '/home/gfave/SIm_mid/src/install/my_robot_controller/lib'
[15.228s] Level 1:colcon.colcon_core.environment:checking '/home/gfave/SIm_mid/src/install/my_robot_controller/bin'
[15.228s] Level 1:colcon.colcon_core.environment:checking '/home/gfave/SIm_mid/src/install/my_robot_controller/lib/pkgconfig/my_robot_controller.pc'
[15.228s] Level 1:colcon.colcon_core.environment:checking '/home/gfave/SIm_mid/src/install/my_robot_controller/lib/python3.10/site-packages'
[15.228s] Level 1:colcon.colcon_core.environment:checking '/home/gfave/SIm_mid/src/install/my_robot_controller/bin'
[15.229s] INFO:colcon.colcon_core.shell:Creating package script '/home/gfave/SIm_mid/src/install/my_robot_controller/share/my_robot_controller/package.ps1'
[15.229s] INFO:colcon.colcon_core.shell:Creating package descriptor '/home/gfave/SIm_mid/src/install/my_robot_controller/share/my_robot_controller/package.dsv'
[15.230s] INFO:colcon.colcon_core.shell:Creating package script '/home/gfave/SIm_mid/src/install/my_robot_controller/share/my_robot_controller/package.sh'
[15.230s] INFO:colcon.colcon_core.shell:Creating package script '/home/gfave/SIm_mid/src/install/my_robot_controller/share/my_robot_controller/package.bash'
[15.231s] INFO:colcon.colcon_core.shell:Creating package script '/home/gfave/SIm_mid/src/install/my_robot_controller/share/my_robot_controller/package.zsh'
[15.231s] Level 1:colcon.colcon_core.environment:create_file_with_runtime_dependencies(/home/gfave/SIm_mid/src/install/my_robot_controller/share/colcon-core/packages/my_robot_controller)
[15.263s] Level 1:colcon.colcon_core.environment:create_environment_scripts_only(my_robot_controller)
[15.264s] Level 1:colcon.colcon_core.environment:checking '/home/gfave/SIm_mid/src/install/my_robot_controller' for CMake module files
[15.264s] Level 1:colcon.colcon_core.environment:checking '/home/gfave/SIm_mid/src/install/my_robot_controller' for CMake config files
[15.265s] Level 1:colcon.colcon_core.shell:create_environment_hook('my_robot_controller', 'cmake_prefix_path')
[15.265s] INFO:colcon.colcon_core.shell:Creating environment hook '/home/gfave/SIm_mid/src/install/my_robot_controller/share/my_robot_controller/hook/cmake_prefix_path.ps1'
[15.266s] INFO:colcon.colcon_core.shell:Creating environment descriptor '/home/gfave/SIm_mid/src/install/my_robot_controller/share/my_robot_controller/hook/cmake_prefix_path.dsv'
[15.266s] INFO:colcon.colcon_core.shell:Creating environment hook '/home/gfave/SIm_mid/src/install/my_robot_controller/share/my_robot_controller/hook/cmake_prefix_path.sh'
[15.267s] Level 1:colcon.colcon_core.environment:checking '/home/gfave/SIm_mid/src/install/my_robot_controller/lib'
[15.267s] Level 1:colcon.colcon_core.environment:checking '/home/gfave/SIm_mid/src/install/my_robot_controller/bin'
[15.267s] Level 1:colcon.colcon_core.environment:checking '/home/gfave/SIm_mid/src/install/my_robot_controller/lib/pkgconfig/my_robot_controller.pc'
[15.267s] Level 1:colcon.colcon_core.environment:checking '/home/gfave/SIm_mid/src/install/my_robot_controller/lib/python3.10/site-packages'
[15.268s] Level 1:colcon.colcon_core.environment:checking '/home/gfave/SIm_mid/src/install/my_robot_controller/bin'
[15.268s] INFO:colcon.colcon_core.shell:Creating package script '/home/gfave/SIm_mid/src/install/my_robot_controller/share/my_robot_controller/package.ps1'
[15.269s] INFO:colcon.colcon_core.shell:Creating package descriptor '/home/gfave/SIm_mid/src/install/my_robot_controller/share/my_robot_controller/package.dsv'
[15.270s] INFO:colcon.colcon_core.shell:Creating package script '/home/gfave/SIm_mid/src/install/my_robot_controller/share/my_robot_controller/package.sh'
[15.270s] INFO:colcon.colcon_core.shell:Creating package script '/home/gfave/SIm_mid/src/install/my_robot_controller/share/my_robot_controller/package.bash'
[15.271s] INFO:colcon.colcon_core.shell:Creating package script '/home/gfave/SIm_mid/src/install/my_robot_controller/share/my_robot_controller/package.zsh'
[15.271s] Level 1:colcon.colcon_core.environment:create_file_with_runtime_dependencies(/home/gfave/SIm_mid/src/install/my_robot_controller/share/colcon-core/packages/my_robot_controller)
[15.272s] DEBUG:colcon.colcon_parallel_executor.executor.parallel:closing loop
[15.272s] DEBUG:colcon.colcon_parallel_executor.executor.parallel:loop closed
[15.272s] DEBUG:colcon.colcon_parallel_executor.executor.parallel:run_until_complete finished with '0'
[15.272s] DEBUG:colcon.colcon_core.event_reactor:joining thread
[15.290s] INFO:colcon.colcon_core.plugin_system:Skipping extension 'colcon_notification.desktop_notification.terminal_notifier': Not used on non-Darwin systems
[15.290s] INFO:colcon.colcon_core.plugin_system:Skipping extension 'colcon_notification.desktop_notification.win32': Not used on non-Windows systems
[15.290s] INFO:colcon.colcon_notification.desktop_notification:Sending desktop notification using 'notify2'
[15.381s] DEBUG:colcon.colcon_core.event_reactor:joined thread
[15.381s] INFO:colcon.colcon_core.shell:Creating prefix script '/home/gfave/SIm_mid/src/install/local_setup.ps1'
[15.383s] INFO:colcon.colcon_core.shell:Creating prefix util module '/home/gfave/SIm_mid/src/install/_local_setup_util_ps1.py'
[15.387s] INFO:colcon.colcon_core.shell:Creating prefix chain script '/home/gfave/SIm_mid/src/install/setup.ps1'
[15.392s] INFO:colcon.colcon_core.shell:Creating prefix script '/home/gfave/SIm_mid/src/install/local_setup.sh'
[15.394s] INFO:colcon.colcon_core.shell:Creating prefix util module '/home/gfave/SIm_mid/src/install/_local_setup_util_sh.py'
[15.395s] INFO:colcon.colcon_core.shell:Creating prefix chain script '/home/gfave/SIm_mid/src/install/setup.sh'
[15.400s] INFO:colcon.colcon_core.shell:Creating prefix script '/home/gfave/SIm_mid/src/install/local_setup.bash'
[15.404s] INFO:colcon.colcon_core.shell:Creating prefix chain script '/home/gfave/SIm_mid/src/install/setup.bash'
[15.409s] INFO:colcon.colcon_core.shell:Creating prefix script '/home/gfave/SIm_mid/src/install/local_setup.zsh'
[15.411s] INFO:colcon.colcon_core.shell:Creating prefix chain script '/home/gfave/SIm_mid/src/install/setup.zsh'
