[0.024s] Invoking command in '/home/gfave/SIm_mid/build/sum': CMAKE_PREFIX_PATH=${CMAKE_PREFIX_PATH}:/home/gfave/ros2brovtest_ws/install/ping_sonar_ros:/home/gfave/ros2brovtest_ws/install/autonomous_rov:/home/gfave/install/ping_sonar_ros:/home/gfave/install/autonomous_rov:/opt/ros/humble /usr/bin/cmake --build /home/gfave/SIm_mid/build/sum -- -j8 -l8
[0.141s] [35m[1mConsolidate compiler generated dependencies of target sum_node[0m
[0.169s] [ 50%] [32mBuilding CXX object CMakeFiles/sum_node.dir/src/sum.cpp.o[0m
[12.555s] [100%] [32m[1mLinking CXX executable sum_node[0m
[13.292s] [100%] Built target sum_node
[13.309s] Invoked command in '/home/gfave/SIm_mid/build/sum' returned '0': CMAKE_PREFIX_PATH=${CMAKE_PREFIX_PATH}:/home/gfave/ros2brovtest_ws/install/ping_sonar_ros:/home/gfave/ros2brovtest_ws/install/autonomous_rov:/home/gfave/install/ping_sonar_ros:/home/gfave/install/autonomous_rov:/opt/ros/humble /usr/bin/cmake --build /home/gfave/SIm_mid/build/sum -- -j8 -l8
[13.362s] Invoking command in '/home/gfave/SIm_mid/build/sum': CMAKE_PREFIX_PATH=${CMAKE_PREFIX_PATH}:/home/gfave/ros2brovtest_ws/install/ping_sonar_ros:/home/gfave/ros2brovtest_ws/install/autonomous_rov:/home/gfave/install/ping_sonar_ros:/home/gfave/install/autonomous_rov:/opt/ros/humble /usr/bin/cmake --install /home/gfave/SIm_mid/build/sum
[13.371s] -- Install configuration: ""
[13.374s] -- Installing: /home/gfave/SIm_mid/install/sum/lib/sum/sum_node
[13.379s] -- Set runtime path of "/home/gfave/SIm_mid/install/sum/lib/sum/sum_node" to ""
[13.379s] -- Up-to-date: /home/gfave/SIm_mid/install/sum/share/ament_index/resource_index/package_run_dependencies/sum
[13.379s] -- Up-to-date: /home/gfave/SIm_mid/install/sum/share/ament_index/resource_index/parent_prefix_path/sum
[13.380s] -- Up-to-date: /home/gfave/SIm_mid/install/sum/share/sum/environment/ament_prefix_path.sh
[13.380s] -- Up-to-date: /home/gfave/SIm_mid/install/sum/share/sum/environment/ament_prefix_path.dsv
[13.380s] -- Up-to-date: /home/gfave/SIm_mid/install/sum/share/sum/environment/path.sh
[13.380s] -- Up-to-date: /home/gfave/SIm_mid/install/sum/share/sum/environment/path.dsv
[13.380s] -- Up-to-date: /home/gfave/SIm_mid/install/sum/share/sum/local_setup.bash
[13.380s] -- Up-to-date: /home/gfave/SIm_mid/install/sum/share/sum/local_setup.sh
[13.380s] -- Up-to-date: /home/gfave/SIm_mid/install/sum/share/sum/local_setup.zsh
[13.380s] -- Up-to-date: /home/gfave/SIm_mid/install/sum/share/sum/local_setup.dsv
[13.381s] -- Installing: /home/gfave/SIm_mid/install/sum/share/sum/package.dsv
[13.381s] -- Up-to-date: /home/gfave/SIm_mid/install/sum/share/ament_index/resource_index/packages/sum
[13.381s] -- Up-to-date: /home/gfave/SIm_mid/install/sum/share/sum/cmake/sumConfig.cmake
[13.381s] -- Up-to-date: /home/gfave/SIm_mid/install/sum/share/sum/cmake/sumConfig-version.cmake
[13.381s] -- Up-to-date: /home/gfave/SIm_mid/install/sum/share/sum/package.xml
[13.384s] Invoked command in '/home/gfave/SIm_mid/build/sum' returned '0': CMAKE_PREFIX_PATH=${CMAKE_PREFIX_PATH}:/home/gfave/ros2brovtest_ws/install/ping_sonar_ros:/home/gfave/ros2brovtest_ws/install/autonomous_rov:/home/gfave/install/ping_sonar_ros:/home/gfave/install/autonomous_rov:/opt/ros/humble /usr/bin/cmake --install /home/gfave/SIm_mid/build/sum
