[0.214s] DEBUG:colcon:Command line arguments: ['/usr/bin/colcon', 'build']
[0.214s] DEBUG:colcon:Parsed command line arguments: Namespace(log_base=None, log_level=None, verb_name='build', build_base='build', install_base='install', merge_install=False, symlink_install=False, test_result_base=None, continue_on_error=False, executor='parallel', parallel_workers=8, event_handlers=None, ignore_user_meta=False, metas=['./colcon.meta'], base_paths=['.'], packages_ignore=None, packages_ignore_regex=None, paths=None, packages_up_to=None, packages_up_to_regex=None, packages_above=None, packages_above_and_dependencies=None, packages_above_depth=None, packages_select_by_dep=None, packages_skip_by_dep=None, packages_skip_up_to=None, packages_select_build_failed=False, packages_skip_build_finished=False, packages_select_test_failures=False, packages_skip_test_passed=False, packages_select=None, packages_skip=None, packages_select_regex=None, packages_skip_regex=None, packages_start=None, packages_end=None, allow_overriding=[], cmake_args=None, cmake_target=None, cmake_target_skip_unavailable=False, cmake_clean_cache=False, cmake_clean_first=False, cmake_force_configure=False, ament_cmake_args=None, catkin_cmake_args=None, catkin_skip_building_tests=False, mixin_files=None, mixin=None, verb_parser=<colcon_mixin.mixin.mixin_argument.MixinArgumentDecorator object at 0x7ee6ae11c9a0>, verb_extension=<colcon_core.verb.build.BuildVerb object at 0x7ee6ae269120>, main=<bound method BuildVerb.main of <colcon_core.verb.build.BuildVerb object at 0x7ee6ae269120>>, mixin_verb=('build',))
[0.454s] Level 1:colcon.colcon_core.package_discovery:discover_packages(colcon_meta) check parameters
[0.454s] Level 1:colcon.colcon_core.package_discovery:discover_packages(recursive) check parameters
[0.454s] Level 1:colcon.colcon_core.package_discovery:discover_packages(ignore) check parameters
[0.454s] Level 1:colcon.colcon_core.package_discovery:discover_packages(path) check parameters
[0.454s] Level 1:colcon.colcon_core.package_discovery:discover_packages(colcon_meta) discover
[0.454s] Level 1:colcon.colcon_core.package_discovery:discover_packages(recursive) discover
[0.454s] INFO:colcon.colcon_core.package_discovery:Crawling recursively for packages in '/home/gfave/sim_mid'
[0.454s] Level 1:colcon.colcon_core.package_identification:_identify(.) by extensions ['ignore', 'ignore_ament_install']
[0.455s] Level 1:colcon.colcon_core.package_identification:_identify(.) by extension 'ignore'
[0.455s] Level 1:colcon.colcon_core.package_identification:_identify(.) by extension 'ignore_ament_install'
[0.455s] Level 1:colcon.colcon_core.package_identification:_identify(.) by extensions ['colcon_pkg']
[0.455s] Level 1:colcon.colcon_core.package_identification:_identify(.) by extension 'colcon_pkg'
[0.455s] Level 1:colcon.colcon_core.package_identification:_identify(.) by extensions ['colcon_meta']
[0.455s] Level 1:colcon.colcon_core.package_identification:_identify(.) by extension 'colcon_meta'
[0.455s] Level 1:colcon.colcon_core.package_identification:_identify(.) by extensions ['ros']
[0.455s] Level 1:colcon.colcon_core.package_identification:_identify(.) by extension 'ros'
[0.472s] Level 1:colcon.colcon_core.package_identification:_identify(.) by extensions ['cmake', 'python']
[0.473s] Level 1:colcon.colcon_core.package_identification:_identify(.) by extension 'cmake'
[0.473s] Level 1:colcon.colcon_core.package_identification:_identify(.) by extension 'python'
[0.473s] Level 1:colcon.colcon_core.package_identification:_identify(.) by extensions ['python_setup_py']
[0.473s] Level 1:colcon.colcon_core.package_identification:_identify(.) by extension 'python_setup_py'
[0.473s] Level 1:colcon.colcon_core.package_identification:_identify(build) by extensions ['ignore', 'ignore_ament_install']
[0.473s] Level 1:colcon.colcon_core.package_identification:_identify(build) by extension 'ignore'
[0.473s] Level 1:colcon.colcon_core.package_identification:_identify(build) ignored
[0.473s] Level 1:colcon.colcon_core.package_identification:_identify(install) by extensions ['ignore', 'ignore_ament_install']
[0.473s] Level 1:colcon.colcon_core.package_identification:_identify(install) by extension 'ignore'
[0.473s] Level 1:colcon.colcon_core.package_identification:_identify(install) ignored
[0.473s] Level 1:colcon.colcon_core.package_identification:_identify(log) by extensions ['ignore', 'ignore_ament_install']
[0.473s] Level 1:colcon.colcon_core.package_identification:_identify(log) by extension 'ignore'
[0.474s] Level 1:colcon.colcon_core.package_identification:_identify(log) ignored
[0.474s] Level 1:colcon.colcon_core.package_identification:_identify(src) by extensions ['ignore', 'ignore_ament_install']
[0.474s] Level 1:colcon.colcon_core.package_identification:_identify(src) by extension 'ignore'
[0.474s] Level 1:colcon.colcon_core.package_identification:_identify(src) by extension 'ignore_ament_install'
[0.474s] Level 1:colcon.colcon_core.package_identification:_identify(src) by extensions ['colcon_pkg']
[0.474s] Level 1:colcon.colcon_core.package_identification:_identify(src) by extension 'colcon_pkg'
[0.474s] Level 1:colcon.colcon_core.package_identification:_identify(src) by extensions ['colcon_meta']
[0.474s] Level 1:colcon.colcon_core.package_identification:_identify(src) by extension 'colcon_meta'
[0.474s] Level 1:colcon.colcon_core.package_identification:_identify(src) by extensions ['ros']
[0.474s] Level 1:colcon.colcon_core.package_identification:_identify(src) by extension 'ros'
[0.474s] Level 1:colcon.colcon_core.package_identification:_identify(src) by extensions ['cmake', 'python']
[0.474s] Level 1:colcon.colcon_core.package_identification:_identify(src) by extension 'cmake'
[0.474s] Level 1:colcon.colcon_core.package_identification:_identify(src) by extension 'python'
[0.474s] Level 1:colcon.colcon_core.package_identification:_identify(src) by extensions ['python_setup_py']
[0.474s] Level 1:colcon.colcon_core.package_identification:_identify(src) by extension 'python_setup_py'
[0.474s] Level 1:colcon.colcon_core.package_identification:_identify(src/examples) by extensions ['ignore', 'ignore_ament_install']
[0.474s] Level 1:colcon.colcon_core.package_identification:_identify(src/examples) by extension 'ignore'
[0.474s] Level 1:colcon.colcon_core.package_identification:_identify(src/examples) by extension 'ignore_ament_install'
[0.475s] Level 1:colcon.colcon_core.package_identification:_identify(src/examples) by extensions ['colcon_pkg']
[0.475s] Level 1:colcon.colcon_core.package_identification:_identify(src/examples) by extension 'colcon_pkg'
[0.475s] Level 1:colcon.colcon_core.package_identification:_identify(src/examples) by extensions ['colcon_meta']
[0.475s] Level 1:colcon.colcon_core.package_identification:_identify(src/examples) by extension 'colcon_meta'
[0.475s] Level 1:colcon.colcon_core.package_identification:_identify(src/examples) by extensions ['ros']
[0.475s] Level 1:colcon.colcon_core.package_identification:_identify(src/examples) by extension 'ros'
[0.478s] DEBUG:colcon.colcon_core.package_identification:Package 'src/examples' with type 'ros.ament_cmake' and name 'examples'
[0.479s] Level 1:colcon.colcon_core.package_identification:_identify(src/my_robot_controller) by extensions ['ignore', 'ignore_ament_install']
[0.479s] Level 1:colcon.colcon_core.package_identification:_identify(src/my_robot_controller) by extension 'ignore'
[0.479s] Level 1:colcon.colcon_core.package_identification:_identify(src/my_robot_controller) by extension 'ignore_ament_install'
[0.479s] Level 1:colcon.colcon_core.package_identification:_identify(src/my_robot_controller) by extensions ['colcon_pkg']
[0.479s] Level 1:colcon.colcon_core.package_identification:_identify(src/my_robot_controller) by extension 'colcon_pkg'
[0.479s] Level 1:colcon.colcon_core.package_identification:_identify(src/my_robot_controller) by extensions ['colcon_meta']
[0.479s] Level 1:colcon.colcon_core.package_identification:_identify(src/my_robot_controller) by extension 'colcon_meta'
[0.479s] Level 1:colcon.colcon_core.package_identification:_identify(src/my_robot_controller) by extensions ['ros']
[0.479s] Level 1:colcon.colcon_core.package_identification:_identify(src/my_robot_controller) by extension 'ros'
[0.480s] DEBUG:colcon.colcon_core.package_identification:Package 'src/my_robot_controller' with type 'ros.ament_cmake' and name 'my_robot_controller'
[0.480s] Level 1:colcon.colcon_core.package_discovery:discover_packages(recursive) using defaults
[0.480s] Level 1:colcon.colcon_core.package_discovery:discover_packages(ignore) discover
[0.480s] Level 1:colcon.colcon_core.package_discovery:discover_packages(ignore) using defaults
[0.480s] Level 1:colcon.colcon_core.package_discovery:discover_packages(path) discover
[0.480s] Level 1:colcon.colcon_core.package_discovery:discover_packages(path) using defaults
[0.515s] Level 1:colcon.colcon_core.package_discovery:discover_packages(prefix_path) check parameters
[0.515s] Level 1:colcon.colcon_core.package_discovery:discover_packages(prefix_path) discover
[0.524s] DEBUG:colcon.colcon_installed_package_information.package_discovery:Found 2 installed packages in /home/gfave/sim_mid/install
[0.527s] DEBUG:colcon.colcon_installed_package_information.package_discovery:Found 2 installed packages in /home/gfave/ros2brovtest_ws/install
[0.532s] DEBUG:colcon.colcon_installed_package_information.package_discovery:Found 4 installed packages in /home/gfave/install
[0.534s] DEBUG:colcon.colcon_installed_package_information.package_discovery:Found 217 installed packages in /opt/ros/humble
[0.546s] Level 1:colcon.colcon_core.package_discovery:discover_packages(prefix_path) using defaults
[0.588s] Level 5:colcon.colcon_core.verb:set package 'examples' build argument 'cmake_args' from command line to 'None'
[0.588s] Level 5:colcon.colcon_core.verb:set package 'examples' build argument 'cmake_target' from command line to 'None'
[0.588s] Level 5:colcon.colcon_core.verb:set package 'examples' build argument 'cmake_target_skip_unavailable' from command line to 'False'
[0.588s] Level 5:colcon.colcon_core.verb:set package 'examples' build argument 'cmake_clean_cache' from command line to 'False'
[0.588s] Level 5:colcon.colcon_core.verb:set package 'examples' build argument 'cmake_clean_first' from command line to 'False'
[0.588s] Level 5:colcon.colcon_core.verb:set package 'examples' build argument 'cmake_force_configure' from command line to 'False'
[0.588s] Level 5:colcon.colcon_core.verb:set package 'examples' build argument 'ament_cmake_args' from command line to 'None'
[0.588s] Level 5:colcon.colcon_core.verb:set package 'examples' build argument 'catkin_cmake_args' from command line to 'None'
[0.588s] Level 5:colcon.colcon_core.verb:set package 'examples' build argument 'catkin_skip_building_tests' from command line to 'False'
[0.588s] DEBUG:colcon.colcon_core.verb:Building package 'examples' with the following arguments: {'ament_cmake_args': None, 'build_base': '/home/gfave/sim_mid/build/examples', 'catkin_cmake_args': None, 'catkin_skip_building_tests': False, 'cmake_args': None, 'cmake_clean_cache': False, 'cmake_clean_first': False, 'cmake_force_configure': False, 'cmake_target': None, 'cmake_target_skip_unavailable': False, 'install_base': '/home/gfave/sim_mid/install/examples', 'merge_install': False, 'path': '/home/gfave/sim_mid/src/examples', 'symlink_install': False, 'test_result_base': None}
[0.588s] Level 5:colcon.colcon_core.verb:set package 'my_robot_controller' build argument 'cmake_args' from command line to 'None'
[0.588s] Level 5:colcon.colcon_core.verb:set package 'my_robot_controller' build argument 'cmake_target' from command line to 'None'
[0.588s] Level 5:colcon.colcon_core.verb:set package 'my_robot_controller' build argument 'cmake_target_skip_unavailable' from command line to 'False'
[0.588s] Level 5:colcon.colcon_core.verb:set package 'my_robot_controller' build argument 'cmake_clean_cache' from command line to 'False'
[0.589s] Level 5:colcon.colcon_core.verb:set package 'my_robot_controller' build argument 'cmake_clean_first' from command line to 'False'
[0.589s] Level 5:colcon.colcon_core.verb:set package 'my_robot_controller' build argument 'cmake_force_configure' from command line to 'False'
[0.589s] Level 5:colcon.colcon_core.verb:set package 'my_robot_controller' build argument 'ament_cmake_args' from command line to 'None'
[0.589s] Level 5:colcon.colcon_core.verb:set package 'my_robot_controller' build argument 'catkin_cmake_args' from command line to 'None'
[0.589s] Level 5:colcon.colcon_core.verb:set package 'my_robot_controller' build argument 'catkin_skip_building_tests' from command line to 'False'
[0.589s] DEBUG:colcon.colcon_core.verb:Building package 'my_robot_controller' with the following arguments: {'ament_cmake_args': None, 'build_base': '/home/gfave/sim_mid/build/my_robot_controller', 'catkin_cmake_args': None, 'catkin_skip_building_tests': False, 'cmake_args': None, 'cmake_clean_cache': False, 'cmake_clean_first': False, 'cmake_force_configure': False, 'cmake_target': None, 'cmake_target_skip_unavailable': False, 'install_base': '/home/gfave/sim_mid/install/my_robot_controller', 'merge_install': False, 'path': '/home/gfave/sim_mid/src/my_robot_controller', 'symlink_install': False, 'test_result_base': None}
[0.589s] INFO:colcon.colcon_core.executor:Executing jobs using 'parallel' executor
[0.590s] DEBUG:colcon.colcon_parallel_executor.executor.parallel:run_until_complete
[0.590s] INFO:colcon.colcon_ros.task.ament_cmake.build:Building ROS package in '/home/gfave/sim_mid/src/examples' with build type 'ament_cmake'
[0.590s] INFO:colcon.colcon_cmake.task.cmake.build:Building CMake package in '/home/gfave/sim_mid/src/examples'
[0.594s] INFO:colcon.colcon_core.plugin_system:Skipping extension 'colcon_core.shell.bat': Not used on non-Windows systems
[0.594s] INFO:colcon.colcon_core.shell:Skip shell extension 'powershell' for command environment: Not usable outside of PowerShell
[0.595s] DEBUG:colcon.colcon_core.shell:Skip shell extension 'dsv' for command environment
[0.599s] INFO:colcon.colcon_ros.task.ament_cmake.build:Building ROS package in '/home/gfave/sim_mid/src/my_robot_controller' with build type 'ament_cmake'
[0.599s] INFO:colcon.colcon_cmake.task.cmake.build:Building CMake package in '/home/gfave/sim_mid/src/my_robot_controller'
[0.599s] INFO:colcon.colcon_core.shell:Skip shell extension 'powershell' for command environment: Not usable outside of PowerShell
[0.599s] DEBUG:colcon.colcon_core.shell:Skip shell extension 'dsv' for command environment
[0.608s] DEBUG:colcon.colcon_core.event_handler.log_command:Invoking command in '/home/gfave/sim_mid/build/examples': CMAKE_PREFIX_PATH=${CMAKE_PREFIX_PATH}:/home/gfave/ros2brovtest_ws/install/ping_sonar_ros:/home/gfave/ros2brovtest_ws/install/autonomous_rov:/home/gfave/install/ping_sonar_ros:/home/gfave/install/autonomous_rov:/opt/ros/humble /usr/bin/cmake --build /home/gfave/sim_mid/build/examples -- -j8 -l8
[0.612s] DEBUG:colcon.colcon_core.event_handler.log_command:Invoking command in '/home/gfave/sim_mid/build/my_robot_controller': CMAKE_PREFIX_PATH=${CMAKE_PREFIX_PATH}:/home/gfave/ros2brovtest_ws/install/ping_sonar_ros:/home/gfave/ros2brovtest_ws/install/autonomous_rov:/home/gfave/install/ping_sonar_ros:/home/gfave/install/autonomous_rov:/opt/ros/humble /usr/bin/cmake --build /home/gfave/sim_mid/build/my_robot_controller -- -j8 -l8
[0.647s] DEBUG:colcon.colcon_core.event_handler.log_command:Invoked command in '/home/gfave/sim_mid/build/examples' returned '0': CMAKE_PREFIX_PATH=${CMAKE_PREFIX_PATH}:/home/gfave/ros2brovtest_ws/install/ping_sonar_ros:/home/gfave/ros2brovtest_ws/install/autonomous_rov:/home/gfave/install/ping_sonar_ros:/home/gfave/install/autonomous_rov:/opt/ros/humble /usr/bin/cmake --build /home/gfave/sim_mid/build/examples -- -j8 -l8
[0.674s] DEBUG:colcon.colcon_core.event_handler.log_command:Invoking command in '/home/gfave/sim_mid/build/examples': CMAKE_PREFIX_PATH=${CMAKE_PREFIX_PATH}:/home/gfave/ros2brovtest_ws/install/ping_sonar_ros:/home/gfave/ros2brovtest_ws/install/autonomous_rov:/home/gfave/install/ping_sonar_ros:/home/gfave/install/autonomous_rov:/opt/ros/humble /usr/bin/cmake --install /home/gfave/sim_mid/build/examples
[0.685s] Level 1:colcon.colcon_core.environment:create_environment_scripts_only(examples)
[0.686s] DEBUG:colcon.colcon_core.event_handler.log_command:Invoked command in '/home/gfave/sim_mid/build/examples' returned '0': CMAKE_PREFIX_PATH=${CMAKE_PREFIX_PATH}:/home/gfave/ros2brovtest_ws/install/ping_sonar_ros:/home/gfave/ros2brovtest_ws/install/autonomous_rov:/home/gfave/install/ping_sonar_ros:/home/gfave/install/autonomous_rov:/opt/ros/humble /usr/bin/cmake --install /home/gfave/sim_mid/build/examples
[0.689s] Level 1:colcon.colcon_core.environment:checking '/home/gfave/sim_mid/install/examples' for CMake module files
[0.690s] Level 1:colcon.colcon_core.environment:checking '/home/gfave/sim_mid/install/examples' for CMake config files
[0.691s] Level 1:colcon.colcon_core.shell:create_environment_hook('examples', 'cmake_prefix_path')
[0.691s] INFO:colcon.colcon_core.shell:Creating environment hook '/home/gfave/sim_mid/install/examples/share/examples/hook/cmake_prefix_path.ps1'
[0.692s] INFO:colcon.colcon_core.shell:Creating environment descriptor '/home/gfave/sim_mid/install/examples/share/examples/hook/cmake_prefix_path.dsv'
[0.693s] INFO:colcon.colcon_core.shell:Creating environment hook '/home/gfave/sim_mid/install/examples/share/examples/hook/cmake_prefix_path.sh'
[0.693s] Level 1:colcon.colcon_core.environment:checking '/home/gfave/sim_mid/install/examples/bin'
[0.694s] Level 1:colcon.colcon_core.environment:checking '/home/gfave/sim_mid/install/examples/lib/pkgconfig/examples.pc'
[0.694s] Level 1:colcon.colcon_core.environment:checking '/home/gfave/sim_mid/install/examples/lib/python3.10/site-packages'
[0.694s] Level 1:colcon.colcon_core.environment:checking '/home/gfave/sim_mid/install/examples/bin'
[0.694s] INFO:colcon.colcon_core.shell:Creating package script '/home/gfave/sim_mid/install/examples/share/examples/package.ps1'
[0.695s] INFO:colcon.colcon_core.shell:Creating package descriptor '/home/gfave/sim_mid/install/examples/share/examples/package.dsv'
[0.696s] INFO:colcon.colcon_core.shell:Creating package script '/home/gfave/sim_mid/install/examples/share/examples/package.sh'
[0.697s] INFO:colcon.colcon_core.shell:Creating package script '/home/gfave/sim_mid/install/examples/share/examples/package.bash'
[0.698s] INFO:colcon.colcon_core.shell:Creating package script '/home/gfave/sim_mid/install/examples/share/examples/package.zsh'
[0.698s] Level 1:colcon.colcon_core.environment:create_file_with_runtime_dependencies(/home/gfave/sim_mid/install/examples/share/colcon-core/packages/examples)
[0.717s] Level 1:colcon.colcon_core.environment:create_environment_scripts_only(examples)
[0.718s] Level 1:colcon.colcon_core.environment:checking '/home/gfave/sim_mid/install/examples' for CMake module files
[0.718s] Level 1:colcon.colcon_core.environment:checking '/home/gfave/sim_mid/install/examples' for CMake config files
[0.718s] Level 1:colcon.colcon_core.shell:create_environment_hook('examples', 'cmake_prefix_path')
[0.719s] INFO:colcon.colcon_core.shell:Creating environment hook '/home/gfave/sim_mid/install/examples/share/examples/hook/cmake_prefix_path.ps1'
[0.719s] INFO:colcon.colcon_core.shell:Creating environment descriptor '/home/gfave/sim_mid/install/examples/share/examples/hook/cmake_prefix_path.dsv'
[0.719s] INFO:colcon.colcon_core.shell:Creating environment hook '/home/gfave/sim_mid/install/examples/share/examples/hook/cmake_prefix_path.sh'
[0.720s] Level 1:colcon.colcon_core.environment:checking '/home/gfave/sim_mid/install/examples/bin'
[0.720s] Level 1:colcon.colcon_core.environment:checking '/home/gfave/sim_mid/install/examples/lib/pkgconfig/examples.pc'
[0.720s] Level 1:colcon.colcon_core.environment:checking '/home/gfave/sim_mid/install/examples/lib/python3.10/site-packages'
[0.720s] Level 1:colcon.colcon_core.environment:checking '/home/gfave/sim_mid/install/examples/bin'
[0.721s] INFO:colcon.colcon_core.shell:Creating package script '/home/gfave/sim_mid/install/examples/share/examples/package.ps1'
[0.721s] INFO:colcon.colcon_core.shell:Creating package descriptor '/home/gfave/sim_mid/install/examples/share/examples/package.dsv'
[0.722s] INFO:colcon.colcon_core.shell:Creating package script '/home/gfave/sim_mid/install/examples/share/examples/package.sh'
[0.722s] INFO:colcon.colcon_core.shell:Creating package script '/home/gfave/sim_mid/install/examples/share/examples/package.bash'
[0.722s] INFO:colcon.colcon_core.shell:Creating package script '/home/gfave/sim_mid/install/examples/share/examples/package.zsh'
[0.723s] Level 1:colcon.colcon_core.environment:create_file_with_runtime_dependencies(/home/gfave/sim_mid/install/examples/share/colcon-core/packages/examples)
[2.007s] DEBUG:colcon.colcon_core.event_handler.log_command:Invoked command in '/home/gfave/sim_mid/build/my_robot_controller' returned '2': CMAKE_PREFIX_PATH=${CMAKE_PREFIX_PATH}:/home/gfave/ros2brovtest_ws/install/ping_sonar_ros:/home/gfave/ros2brovtest_ws/install/autonomous_rov:/home/gfave/install/ping_sonar_ros:/home/gfave/install/autonomous_rov:/opt/ros/humble /usr/bin/cmake --build /home/gfave/sim_mid/build/my_robot_controller -- -j8 -l8
[2.030s] Level 1:colcon.colcon_core.environment:create_environment_scripts_only(my_robot_controller)
[2.030s] Level 1:colcon.colcon_core.environment:checking '/home/gfave/sim_mid/install/my_robot_controller' for CMake module files
[2.031s] Level 1:colcon.colcon_core.environment:checking '/home/gfave/sim_mid/install/my_robot_controller' for CMake config files
[2.032s] Level 1:colcon.colcon_core.shell:create_environment_hook('my_robot_controller', 'cmake_prefix_path')
[2.032s] INFO:colcon.colcon_core.shell:Creating environment hook '/home/gfave/sim_mid/install/my_robot_controller/share/my_robot_controller/hook/cmake_prefix_path.ps1'
[2.032s] INFO:colcon.colcon_core.shell:Creating environment descriptor '/home/gfave/sim_mid/install/my_robot_controller/share/my_robot_controller/hook/cmake_prefix_path.dsv'
[2.033s] INFO:colcon.colcon_core.shell:Creating environment hook '/home/gfave/sim_mid/install/my_robot_controller/share/my_robot_controller/hook/cmake_prefix_path.sh'
[2.033s] Level 1:colcon.colcon_core.environment:checking '/home/gfave/sim_mid/install/my_robot_controller/bin'
[2.033s] Level 1:colcon.colcon_core.environment:checking '/home/gfave/sim_mid/install/my_robot_controller/lib/pkgconfig/my_robot_controller.pc'
[2.033s] Level 1:colcon.colcon_core.environment:checking '/home/gfave/sim_mid/install/my_robot_controller/lib/python3.10/site-packages'
[2.034s] Level 1:colcon.colcon_core.environment:checking '/home/gfave/sim_mid/install/my_robot_controller/bin'
[2.034s] INFO:colcon.colcon_core.shell:Creating package script '/home/gfave/sim_mid/install/my_robot_controller/share/my_robot_controller/package.ps1'
[2.034s] INFO:colcon.colcon_core.shell:Creating package descriptor '/home/gfave/sim_mid/install/my_robot_controller/share/my_robot_controller/package.dsv'
[2.035s] INFO:colcon.colcon_core.shell:Creating package script '/home/gfave/sim_mid/install/my_robot_controller/share/my_robot_controller/package.sh'
[2.035s] INFO:colcon.colcon_core.shell:Creating package script '/home/gfave/sim_mid/install/my_robot_controller/share/my_robot_controller/package.bash'
[2.035s] INFO:colcon.colcon_core.shell:Creating package script '/home/gfave/sim_mid/install/my_robot_controller/share/my_robot_controller/package.zsh'
[2.036s] Level 1:colcon.colcon_core.environment:create_file_with_runtime_dependencies(/home/gfave/sim_mid/install/my_robot_controller/share/colcon-core/packages/my_robot_controller)
[2.046s] DEBUG:colcon.colcon_parallel_executor.executor.parallel:closing loop
[2.046s] DEBUG:colcon.colcon_parallel_executor.executor.parallel:loop closed
[2.047s] DEBUG:colcon.colcon_parallel_executor.executor.parallel:run_until_complete finished with '2'
[2.047s] DEBUG:colcon.colcon_core.event_reactor:joining thread
[2.057s] INFO:colcon.colcon_core.plugin_system:Skipping extension 'colcon_notification.desktop_notification.terminal_notifier': Not used on non-Darwin systems
[2.057s] INFO:colcon.colcon_core.plugin_system:Skipping extension 'colcon_notification.desktop_notification.win32': Not used on non-Windows systems
[2.058s] INFO:colcon.colcon_notification.desktop_notification:Sending desktop notification using 'notify2'
[2.069s] DEBUG:colcon.colcon_core.event_reactor:joined thread
[2.069s] INFO:colcon.colcon_core.shell:Creating prefix script '/home/gfave/sim_mid/install/local_setup.ps1'
[2.071s] INFO:colcon.colcon_core.shell:Creating prefix util module '/home/gfave/sim_mid/install/_local_setup_util_ps1.py'
[2.072s] INFO:colcon.colcon_core.shell:Creating prefix chain script '/home/gfave/sim_mid/install/setup.ps1'
[2.073s] INFO:colcon.colcon_core.shell:Creating prefix script '/home/gfave/sim_mid/install/local_setup.sh'
[2.074s] INFO:colcon.colcon_core.shell:Creating prefix util module '/home/gfave/sim_mid/install/_local_setup_util_sh.py'
[2.075s] INFO:colcon.colcon_core.shell:Creating prefix chain script '/home/gfave/sim_mid/install/setup.sh'
[2.076s] INFO:colcon.colcon_core.shell:Creating prefix script '/home/gfave/sim_mid/install/local_setup.bash'
[2.078s] INFO:colcon.colcon_core.shell:Creating prefix chain script '/home/gfave/sim_mid/install/setup.bash'
[2.080s] INFO:colcon.colcon_core.shell:Creating prefix script '/home/gfave/sim_mid/install/local_setup.zsh'
[2.081s] INFO:colcon.colcon_core.shell:Creating prefix chain script '/home/gfave/sim_mid/install/setup.zsh'
