[0.026s] Invoking command in '/home/gfave/SIm_mid/src/build/my_robot_controller': CMAKE_PREFIX_PATH=${CMAKE_PREFIX_PATH}:/home/gfave/ros2brovtest_ws/install/ping_sonar_ros:/home/gfave/ros2brovtest_ws/install/autonomous_rov:/home/gfave/install/ping_sonar_ros:/home/gfave/install/autonomous_rov:/opt/ros/humble /usr/bin/cmake /home/gfave/SIm_mid/src/my_robot_controller -DCMAKE_INSTALL_PREFIX=/home/gfave/SIm_mid/src/install/my_robot_controller
[0.271s] -- The C compiler identification is GNU 11.4.0
[0.448s] -- The CXX compiler identification is GNU 11.4.0
[0.465s] -- Detecting C compiler ABI info
[0.596s] -- Detecting C compiler ABI info - done
[0.614s] -- Check for working C compiler: /usr/bin/cc - skipped
[0.615s] -- Detecting C compile features
[0.616s] -- Detecting C compile features - done
[0.621s] -- Detecting CXX compiler ABI info
[0.788s] -- Detecting CXX compiler ABI info - done
[0.804s] -- Check for working CXX compiler: /usr/bin/c++ - skipped
[0.805s] -- Detecting CXX compile features
[0.806s] -- Detecting CXX compile features - done
[0.811s] -- Found ament_cmake: 1.3.10 (/opt/ros/humble/share/ament_cmake/cmake)
[1.112s] -- Found Python3: /usr/bin/python3 (found version "3.10.12") found components: Interpreter 
[1.296s] -- Found rclcpp: 16.0.10 (/opt/ros/humble/share/rclcpp/cmake)
[1.435s] -- Found rosidl_generator_c: 3.1.5 (/opt/ros/humble/share/rosidl_generator_c/cmake)
[1.448s] -- Found rosidl_adapter: 3.1.5 (/opt/ros/humble/share/rosidl_adapter/cmake)
[1.470s] -- Found rosidl_generator_cpp: 3.1.5 (/opt/ros/humble/share/rosidl_generator_cpp/cmake)
[1.505s] -- Using all available rosidl_typesupport_c: rosidl_typesupport_fastrtps_c;rosidl_typesupport_introspection_c
[1.547s] -- Using all available rosidl_typesupport_cpp: rosidl_typesupport_fastrtps_cpp;rosidl_typesupport_introspection_cpp
[1.677s] -- Found rmw_implementation_cmake: 6.1.2 (/opt/ros/humble/share/rmw_implementation_cmake/cmake)
[1.683s] -- Found rmw_fastrtps_cpp: 6.2.7 (/opt/ros/humble/share/rmw_fastrtps_cpp/cmake)
[1.883s] -- Found OpenSSL: /usr/lib/x86_64-linux-gnu/libcrypto.so (found version "3.0.2")  
[1.951s] -- Found FastRTPS: /opt/ros/humble/include  
[2.029s] -- Using RMW implementation 'rmw_fastrtps_cpp' as default
[2.051s] -- Looking for pthread.h
[2.160s] -- Looking for pthread.h - found
[2.160s] -- Performing Test CMAKE_HAVE_LIBC_PTHREAD
[2.258s] -- Performing Test CMAKE_HAVE_LIBC_PTHREAD - Success
[2.259s] -- Found Threads: TRUE  
[2.374s] -- Found ament_lint_auto: 0.12.11 (/opt/ros/humble/share/ament_lint_auto/cmake)
[2.497s] -- Added test 'cppcheck' to perform static code analysis on C / C++ code
[2.497s] -- Configured cppcheck include dirs: 
[2.497s] -- Configured cppcheck exclude dirs and/or files: 
[2.499s] -- Added test 'flake8' to check Python code syntax and style conventions
[2.500s] -- Added test 'lint_cmake' to check CMake code style
[2.501s] -- Added test 'pep257' to check Python code against some of the docstring style conventions in PEP 257
[2.505s] -- Added test 'uncrustify' to check C / C++ code style
[2.505s] -- Configured uncrustify additional arguments: 
[2.507s] -- Added test 'xmllint' to check XML markup files
[2.508s] -- Configuring done
[2.522s] -- Generating done
[2.524s] -- Build files have been written to: /home/gfave/SIm_mid/src/build/my_robot_controller
[2.536s] Invoked command in '/home/gfave/SIm_mid/src/build/my_robot_controller' returned '0': CMAKE_PREFIX_PATH=${CMAKE_PREFIX_PATH}:/home/gfave/ros2brovtest_ws/install/ping_sonar_ros:/home/gfave/ros2brovtest_ws/install/autonomous_rov:/home/gfave/install/ping_sonar_ros:/home/gfave/install/autonomous_rov:/opt/ros/humble /usr/bin/cmake /home/gfave/SIm_mid/src/my_robot_controller -DCMAKE_INSTALL_PREFIX=/home/gfave/SIm_mid/src/install/my_robot_controller
[2.539s] Invoking command in '/home/gfave/SIm_mid/src/build/my_robot_controller': CMAKE_PREFIX_PATH=${CMAKE_PREFIX_PATH}:/home/gfave/ros2brovtest_ws/install/ping_sonar_ros:/home/gfave/ros2brovtest_ws/install/autonomous_rov:/home/gfave/install/ping_sonar_ros:/home/gfave/install/autonomous_rov:/opt/ros/humble /usr/bin/cmake --build /home/gfave/SIm_mid/src/build/my_robot_controller -- -j8 -l8
[2.605s] [ 50%] [32mBuilding CXX object CMakeFiles/subscriber.dir/src/subscriber.cpp.o[0m
[2.605s] [ 25%] [32mBuilding CXX object CMakeFiles/publisher.dir/src/publisher.cpp.o[0m
[9.768s] [ 75%] [32m[1mLinking CXX executable publisher[0m
[10.038s] [ 75%] Built target publisher
[13.908s] [100%] [32m[1mLinking CXX executable subscriber[0m
[14.313s] [100%] Built target subscriber
[14.325s] Invoked command in '/home/gfave/SIm_mid/src/build/my_robot_controller' returned '0': CMAKE_PREFIX_PATH=${CMAKE_PREFIX_PATH}:/home/gfave/ros2brovtest_ws/install/ping_sonar_ros:/home/gfave/ros2brovtest_ws/install/autonomous_rov:/home/gfave/install/ping_sonar_ros:/home/gfave/install/autonomous_rov:/opt/ros/humble /usr/bin/cmake --build /home/gfave/SIm_mid/src/build/my_robot_controller -- -j8 -l8
[14.356s] Invoking command in '/home/gfave/SIm_mid/src/build/my_robot_controller': CMAKE_PREFIX_PATH=${CMAKE_PREFIX_PATH}:/home/gfave/ros2brovtest_ws/install/ping_sonar_ros:/home/gfave/ros2brovtest_ws/install/autonomous_rov:/home/gfave/install/ping_sonar_ros:/home/gfave/install/autonomous_rov:/opt/ros/humble /usr/bin/cmake --install /home/gfave/SIm_mid/src/build/my_robot_controller
[14.364s] -- Install configuration: ""
[14.364s] -- Installing: /home/gfave/SIm_mid/src/install/my_robot_controller/lib/my_robot_controller/publisher
[14.365s] -- Set runtime path of "/home/gfave/SIm_mid/src/install/my_robot_controller/lib/my_robot_controller/publisher" to ""
[14.365s] -- Installing: /home/gfave/SIm_mid/src/install/my_robot_controller/lib/my_robot_controller/subscriber
[14.368s] -- Set runtime path of "/home/gfave/SIm_mid/src/install/my_robot_controller/lib/my_robot_controller/subscriber" to ""
[14.369s] -- Installing: /home/gfave/SIm_mid/src/install/my_robot_controller/share/ament_index/resource_index/package_run_dependencies/my_robot_controller
[14.369s] -- Installing: /home/gfave/SIm_mid/src/install/my_robot_controller/share/ament_index/resource_index/parent_prefix_path/my_robot_controller
[14.369s] -- Installing: /home/gfave/SIm_mid/src/install/my_robot_controller/share/my_robot_controller/environment/ament_prefix_path.sh
[14.370s] -- Installing: /home/gfave/SIm_mid/src/install/my_robot_controller/share/my_robot_controller/environment/ament_prefix_path.dsv
[14.370s] -- Installing: /home/gfave/SIm_mid/src/install/my_robot_controller/share/my_robot_controller/environment/path.sh
[14.370s] -- Installing: /home/gfave/SIm_mid/src/install/my_robot_controller/share/my_robot_controller/environment/path.dsv
[14.370s] -- Installing: /home/gfave/SIm_mid/src/install/my_robot_controller/share/my_robot_controller/local_setup.bash
[14.370s] -- Installing: /home/gfave/SIm_mid/src/install/my_robot_controller/share/my_robot_controller/local_setup.sh
[14.370s] -- Installing: /home/gfave/SIm_mid/src/install/my_robot_controller/share/my_robot_controller/local_setup.zsh
[14.371s] -- Installing: /home/gfave/SIm_mid/src/install/my_robot_controller/share/my_robot_controller/local_setup.dsv
[14.371s] -- Installing: /home/gfave/SIm_mid/src/install/my_robot_controller/share/my_robot_controller/package.dsv
[14.371s] -- Installing: /home/gfave/SIm_mid/src/install/my_robot_controller/share/ament_index/resource_index/packages/my_robot_controller
[14.372s] -- Installing: /home/gfave/SIm_mid/src/install/my_robot_controller/share/my_robot_controller/cmake/my_robot_controllerConfig.cmake
[14.372s] -- Installing: /home/gfave/SIm_mid/src/install/my_robot_controller/share/my_robot_controller/cmake/my_robot_controllerConfig-version.cmake
[14.372s] -- Installing: /home/gfave/SIm_mid/src/install/my_robot_controller/share/my_robot_controller/package.xml
[14.375s] Invoked command in '/home/gfave/SIm_mid/src/build/my_robot_controller' returned '0': CMAKE_PREFIX_PATH=${CMAKE_PREFIX_PATH}:/home/gfave/ros2brovtest_ws/install/ping_sonar_ros:/home/gfave/ros2brovtest_ws/install/autonomous_rov:/home/gfave/install/ping_sonar_ros:/home/gfave/install/autonomous_rov:/opt/ros/humble /usr/bin/cmake --install /home/gfave/SIm_mid/src/build/my_robot_controller
