[0.015s] Invoking command in '/home/gfave/sim_mid/build/examples': CMAKE_PREFIX_PATH=${CMAKE_PREFIX_PATH}:/home/gfave/ros2brovtest_ws/install/ping_sonar_ros:/home/gfave/ros2brovtest_ws/install/autonomous_rov:/home/gfave/install/ping_sonar_ros:/home/gfave/install/autonomous_rov:/opt/ros/humble /usr/bin/cmake /home/gfave/sim_mid/src/examples -DCMAKE_INSTALL_PREFIX=/home/gfave/sim_mid/install/examples
[0.274s] -- The C compiler identification is GNU 11.4.0
[0.418s] -- The CXX compiler identification is GNU 11.4.0
[0.429s] -- Detecting C compiler ABI info
[0.504s] -- Detecting C compiler ABI info - done
[0.519s] -- Check for working C compiler: /usr/bin/cc - skipped
[0.520s] -- Detecting C compile features
[0.521s] -- Detecting C compile features - done
[0.526s] -- Detecting CXX compiler ABI info
[0.607s] -- Detecting CXX compiler ABI info - done
[0.616s] -- Check for working CXX compiler: /usr/bin/c++ - skipped
[0.617s] -- Detecting CXX compile features
[0.617s] -- Detecting CXX compile features - done
[0.631s] -- Found ament_cmake: 1.3.10 (/opt/ros/humble/share/ament_cmake/cmake)
[0.796s] -- Found Python3: /usr/bin/python3 (found version "3.10.12") found components: Interpreter 
[0.908s] -- Found ament_lint_auto: 0.12.11 (/opt/ros/humble/share/ament_lint_auto/cmake)
[0.998s] -- Added test 'lint_cmake' to check CMake code style
[0.999s] -- Added test 'xmllint' to check XML markup files
[1.002s] -- Configuring done
[1.005s] -- Generating done
[1.006s] -- Build files have been written to: /home/gfave/sim_mid/build/examples
[1.011s] Invoked command in '/home/gfave/sim_mid/build/examples' returned '0': CMAKE_PREFIX_PATH=${CMAKE_PREFIX_PATH}:/home/gfave/ros2brovtest_ws/install/ping_sonar_ros:/home/gfave/ros2brovtest_ws/install/autonomous_rov:/home/gfave/install/ping_sonar_ros:/home/gfave/install/autonomous_rov:/opt/ros/humble /usr/bin/cmake /home/gfave/sim_mid/src/examples -DCMAKE_INSTALL_PREFIX=/home/gfave/sim_mid/install/examples
[1.013s] Invoking command in '/home/gfave/sim_mid/build/examples': CMAKE_PREFIX_PATH=${CMAKE_PREFIX_PATH}:/home/gfave/ros2brovtest_ws/install/ping_sonar_ros:/home/gfave/ros2brovtest_ws/install/autonomous_rov:/home/gfave/install/ping_sonar_ros:/home/gfave/install/autonomous_rov:/opt/ros/humble /usr/bin/cmake --build /home/gfave/sim_mid/build/examples -- -j8 -l8
[1.047s] Invoked command in '/home/gfave/sim_mid/build/examples' returned '0': CMAKE_PREFIX_PATH=${CMAKE_PREFIX_PATH}:/home/gfave/ros2brovtest_ws/install/ping_sonar_ros:/home/gfave/ros2brovtest_ws/install/autonomous_rov:/home/gfave/install/ping_sonar_ros:/home/gfave/install/autonomous_rov:/opt/ros/humble /usr/bin/cmake --build /home/gfave/sim_mid/build/examples -- -j8 -l8
[1.073s] Invoking command in '/home/gfave/sim_mid/build/examples': CMAKE_PREFIX_PATH=${CMAKE_PREFIX_PATH}:/home/gfave/ros2brovtest_ws/install/ping_sonar_ros:/home/gfave/ros2brovtest_ws/install/autonomous_rov:/home/gfave/install/ping_sonar_ros:/home/gfave/install/autonomous_rov:/opt/ros/humble /usr/bin/cmake --install /home/gfave/sim_mid/build/examples
[1.079s] -- Install configuration: ""
[1.079s] -- Installing: /home/gfave/sim_mid/install/examples/share/ament_index/resource_index/package_run_dependencies/examples
[1.079s] -- Installing: /home/gfave/sim_mid/install/examples/share/ament_index/resource_index/parent_prefix_path/examples
[1.080s] -- Installing: /home/gfave/sim_mid/install/examples/share/examples/environment/ament_prefix_path.sh
[1.080s] -- Installing: /home/gfave/sim_mid/install/examples/share/examples/environment/ament_prefix_path.dsv
[1.080s] -- Installing: /home/gfave/sim_mid/install/examples/share/examples/environment/path.sh
[1.080s] -- Installing: /home/gfave/sim_mid/install/examples/share/examples/environment/path.dsv
[1.080s] -- Installing: /home/gfave/sim_mid/install/examples/share/examples/local_setup.bash
[1.080s] -- Installing: /home/gfave/sim_mid/install/examples/share/examples/local_setup.sh
[1.080s] -- Installing: /home/gfave/sim_mid/install/examples/share/examples/local_setup.zsh
[1.080s] -- Installing: /home/gfave/sim_mid/install/examples/share/examples/local_setup.dsv
[1.080s] -- Installing: /home/gfave/sim_mid/install/examples/share/examples/package.dsv
[1.081s] -- Installing: /home/gfave/sim_mid/install/examples/share/ament_index/resource_index/packages/examples
[1.081s] -- Installing: /home/gfave/sim_mid/install/examples/share/examples/cmake/examplesConfig.cmake
[1.081s] -- Installing: /home/gfave/sim_mid/install/examples/share/examples/cmake/examplesConfig-version.cmake
[1.081s] -- Installing: /home/gfave/sim_mid/install/examples/share/examples/package.xml
[1.083s] Invoked command in '/home/gfave/sim_mid/build/examples' returned '0': CMAKE_PREFIX_PATH=${CMAKE_PREFIX_PATH}:/home/gfave/ros2brovtest_ws/install/ping_sonar_ros:/home/gfave/ros2brovtest_ws/install/autonomous_rov:/home/gfave/install/ping_sonar_ros:/home/gfave/install/autonomous_rov:/opt/ros/humble /usr/bin/cmake --install /home/gfave/sim_mid/build/examples
