[0.023s] Invoking command in '/home/gfave/SIm_mid/src/build/sum': CMAKE_PREFIX_PATH=${CMAKE_PREFIX_PATH}:/home/gfave/ros2brovtest_ws/install/ping_sonar_ros:/home/gfave/ros2brovtest_ws/install/autonomous_rov:/home/gfave/install/ping_sonar_ros:/home/gfave/install/autonomous_rov:/opt/ros/humble /usr/bin/cmake /home/gfave/SIm_mid/src/sum -DCMAKE_INSTALL_PREFIX=/home/gfave/SIm_mid/src/install/sum
[0.264s] -- The C compiler identification is GNU 11.4.0
[0.441s] -- The CXX compiler identification is GNU 11.4.0
[0.457s] -- Detecting C compiler ABI info
[0.590s] -- Detecting C compiler ABI info - done
[0.606s] -- Check for working C compiler: /usr/bin/cc - skipped
[0.607s] -- Detecting C compile features
[0.608s] -- Detecting C compile features - done
[0.614s] -- Detecting CXX compiler ABI info
[0.766s] -- Detecting CXX compiler ABI info - done
[0.782s] -- Check for working CXX compiler: /usr/bin/c++ - skipped
[0.783s] -- Detecting CXX compile features
[0.783s] -- Detecting CXX compile features - done
[0.804s] -- Found ament_cmake: 1.3.10 (/opt/ros/humble/share/ament_cmake/cmake)
[1.107s] -- Found Python3: /usr/bin/python3 (found version "3.10.12") found components: Interpreter 
[1.291s] -- Found ament_lint_auto: 0.12.11 (/opt/ros/humble/share/ament_lint_auto/cmake)
[1.452s] -- Added test 'cppcheck' to perform static code analysis on C / C++ code
[1.453s] -- Configured cppcheck include dirs: $<BUILD_INTERFACE:/home/gfave/SIm_mid/src/sum/include>
[1.453s] -- Configured cppcheck exclude dirs and/or files: 
[1.454s] -- Added test 'lint_cmake' to check CMake code style
[1.457s] -- Added test 'uncrustify' to check C / C++ code style
[1.457s] -- Configured uncrustify additional arguments: 
[1.458s] -- Added test 'xmllint' to check XML markup files
[1.461s] -- Configuring done
[1.468s] -- Generating done
[1.469s] -- Build files have been written to: /home/gfave/SIm_mid/src/build/sum
[1.476s] Invoked command in '/home/gfave/SIm_mid/src/build/sum' returned '0': CMAKE_PREFIX_PATH=${CMAKE_PREFIX_PATH}:/home/gfave/ros2brovtest_ws/install/ping_sonar_ros:/home/gfave/ros2brovtest_ws/install/autonomous_rov:/home/gfave/install/ping_sonar_ros:/home/gfave/install/autonomous_rov:/opt/ros/humble /usr/bin/cmake /home/gfave/SIm_mid/src/sum -DCMAKE_INSTALL_PREFIX=/home/gfave/SIm_mid/src/install/sum
[1.479s] Invoking command in '/home/gfave/SIm_mid/src/build/sum': CMAKE_PREFIX_PATH=${CMAKE_PREFIX_PATH}:/home/gfave/ros2brovtest_ws/install/ping_sonar_ros:/home/gfave/ros2brovtest_ws/install/autonomous_rov:/home/gfave/install/ping_sonar_ros:/home/gfave/install/autonomous_rov:/opt/ros/humble /usr/bin/cmake --build /home/gfave/SIm_mid/src/build/sum -- -j8 -l8
[1.549s] [ 50%] [32mBuilding CXX object CMakeFiles/sum_node.dir/src/sum_node.cpp.o[0m
[1.621s] [100%] [32m[1mLinking CXX executable sum_node[0m
[1.716s] [100%] Built target sum_node
[1.738s] Invoked command in '/home/gfave/SIm_mid/src/build/sum' returned '0': CMAKE_PREFIX_PATH=${CMAKE_PREFIX_PATH}:/home/gfave/ros2brovtest_ws/install/ping_sonar_ros:/home/gfave/ros2brovtest_ws/install/autonomous_rov:/home/gfave/install/ping_sonar_ros:/home/gfave/install/autonomous_rov:/opt/ros/humble /usr/bin/cmake --build /home/gfave/SIm_mid/src/build/sum -- -j8 -l8
[1.781s] Invoking command in '/home/gfave/SIm_mid/src/build/sum': CMAKE_PREFIX_PATH=${CMAKE_PREFIX_PATH}:/home/gfave/ros2brovtest_ws/install/ping_sonar_ros:/home/gfave/ros2brovtest_ws/install/autonomous_rov:/home/gfave/install/ping_sonar_ros:/home/gfave/install/autonomous_rov:/opt/ros/humble /usr/bin/cmake --install /home/gfave/SIm_mid/src/build/sum
[1.792s] -- Install configuration: ""
[1.792s] -- Installing: /home/gfave/SIm_mid/src/install/sum/lib/sum/sum_node
[1.793s] -- Installing: /home/gfave/SIm_mid/src/install/sum/share/ament_index/resource_index/package_run_dependencies/sum
[1.793s] -- Installing: /home/gfave/SIm_mid/src/install/sum/share/ament_index/resource_index/parent_prefix_path/sum
[1.793s] -- Installing: /home/gfave/SIm_mid/src/install/sum/share/sum/environment/ament_prefix_path.sh
[1.794s] -- Installing: /home/gfave/SIm_mid/src/install/sum/share/sum/environment/ament_prefix_path.dsv
[1.794s] -- Installing: /home/gfave/SIm_mid/src/install/sum/share/sum/environment/path.sh
[1.794s] -- Installing: /home/gfave/SIm_mid/src/install/sum/share/sum/environment/path.dsv
[1.794s] -- Installing: /home/gfave/SIm_mid/src/install/sum/share/sum/local_setup.bash
[1.794s] -- Installing: /home/gfave/SIm_mid/src/install/sum/share/sum/local_setup.sh
[1.795s] -- Installing: /home/gfave/SIm_mid/src/install/sum/share/sum/local_setup.zsh
[1.795s] -- Installing: /home/gfave/SIm_mid/src/install/sum/share/sum/local_setup.dsv
[1.795s] -- Installing: /home/gfave/SIm_mid/src/install/sum/share/sum/package.dsv
[1.795s] -- Installing: /home/gfave/SIm_mid/src/install/sum/share/ament_index/resource_index/packages/sum
[1.796s] -- Installing: /home/gfave/SIm_mid/src/install/sum/share/sum/cmake/sumConfig.cmake
[1.796s] -- Installing: /home/gfave/SIm_mid/src/install/sum/share/sum/cmake/sumConfig-version.cmake
[1.796s] -- Installing: /home/gfave/SIm_mid/src/install/sum/share/sum/package.xml
[1.801s] Invoked command in '/home/gfave/SIm_mid/src/build/sum' returned '0': CMAKE_PREFIX_PATH=${CMAKE_PREFIX_PATH}:/home/gfave/ros2brovtest_ws/install/ping_sonar_ros:/home/gfave/ros2brovtest_ws/install/autonomous_rov:/home/gfave/install/ping_sonar_ros:/home/gfave/install/autonomous_rov:/opt/ros/humble /usr/bin/cmake --install /home/gfave/SIm_mid/src/build/sum
