[0.114s] DEBUG:colcon:Command line arguments: ['/usr/bin/colcon', 'build']
[0.114s] DEBUG:colcon:Parsed command line arguments: Namespace(log_base=None, log_level=None, verb_name='build', build_base='build', install_base='install', merge_install=False, symlink_install=False, test_result_base=None, continue_on_error=False, executor='parallel', parallel_workers=8, event_handlers=None, ignore_user_meta=False, metas=['./colcon.meta'], base_paths=['.'], packages_ignore=None, packages_ignore_regex=None, paths=None, packages_up_to=None, packages_up_to_regex=None, packages_above=None, packages_above_and_dependencies=None, packages_above_depth=None, packages_select_by_dep=None, packages_skip_by_dep=None, packages_skip_up_to=None, packages_select_build_failed=False, packages_skip_build_finished=False, packages_select_test_failures=False, packages_skip_test_passed=False, packages_select=None, packages_skip=None, packages_select_regex=None, packages_skip_regex=None, packages_start=None, packages_end=None, allow_overriding=[], cmake_args=None, cmake_target=None, cmake_target_skip_unavailable=False, cmake_clean_cache=False, cmake_clean_first=False, cmake_force_configure=False, ament_cmake_args=None, catkin_cmake_args=None, catkin_skip_building_tests=False, mixin_files=None, mixin=None, verb_parser=<colcon_mixin.mixin.mixin_argument.MixinArgumentDecorator object at 0x700a839649a0>, verb_extension=<colcon_core.verb.build.BuildVerb object at 0x700a83a71120>, main=<bound method BuildVerb.main of <colcon_core.verb.build.BuildVerb object at 0x700a83a71120>>, mixin_verb=('build',))
[0.278s] Level 1:colcon.colcon_core.package_discovery:discover_packages(colcon_meta) check parameters
[0.278s] Level 1:colcon.colcon_core.package_discovery:discover_packages(recursive) check parameters
[0.278s] Level 1:colcon.colcon_core.package_discovery:discover_packages(ignore) check parameters
[0.278s] Level 1:colcon.colcon_core.package_discovery:discover_packages(path) check parameters
[0.278s] Level 1:colcon.colcon_core.package_discovery:discover_packages(colcon_meta) discover
[0.279s] Level 1:colcon.colcon_core.package_discovery:discover_packages(recursive) discover
[0.279s] INFO:colcon.colcon_core.package_discovery:Crawling recursively for packages in '/home/gfave/sim_mid'
[0.279s] Level 1:colcon.colcon_core.package_identification:_identify(.) by extensions ['ignore', 'ignore_ament_install']
[0.279s] Level 1:colcon.colcon_core.package_identification:_identify(.) by extension 'ignore'
[0.279s] Level 1:colcon.colcon_core.package_identification:_identify(.) by extension 'ignore_ament_install'
[0.279s] Level 1:colcon.colcon_core.package_identification:_identify(.) by extensions ['colcon_pkg']
[0.279s] Level 1:colcon.colcon_core.package_identification:_identify(.) by extension 'colcon_pkg'
[0.279s] Level 1:colcon.colcon_core.package_identification:_identify(.) by extensions ['colcon_meta']
[0.279s] Level 1:colcon.colcon_core.package_identification:_identify(.) by extension 'colcon_meta'
[0.279s] Level 1:colcon.colcon_core.package_identification:_identify(.) by extensions ['ros']
[0.279s] Level 1:colcon.colcon_core.package_identification:_identify(.) by extension 'ros'
[0.291s] Level 1:colcon.colcon_core.package_identification:_identify(.) by extensions ['cmake', 'python']
[0.291s] Level 1:colcon.colcon_core.package_identification:_identify(.) by extension 'cmake'
[0.291s] Level 1:colcon.colcon_core.package_identification:_identify(.) by extension 'python'
[0.291s] Level 1:colcon.colcon_core.package_identification:_identify(.) by extensions ['python_setup_py']
[0.291s] Level 1:colcon.colcon_core.package_identification:_identify(.) by extension 'python_setup_py'
[0.292s] Level 1:colcon.colcon_core.package_identification:_identify(build) by extensions ['ignore', 'ignore_ament_install']
[0.292s] Level 1:colcon.colcon_core.package_identification:_identify(build) by extension 'ignore'
[0.292s] Level 1:colcon.colcon_core.package_identification:_identify(build) ignored
[0.292s] Level 1:colcon.colcon_core.package_identification:_identify(install) by extensions ['ignore', 'ignore_ament_install']
[0.292s] Level 1:colcon.colcon_core.package_identification:_identify(install) by extension 'ignore'
[0.292s] Level 1:colcon.colcon_core.package_identification:_identify(install) ignored
[0.292s] Level 1:colcon.colcon_core.package_identification:_identify(log) by extensions ['ignore', 'ignore_ament_install']
[0.292s] Level 1:colcon.colcon_core.package_identification:_identify(log) by extension 'ignore'
[0.292s] Level 1:colcon.colcon_core.package_identification:_identify(log) ignored
[0.293s] Level 1:colcon.colcon_core.package_identification:_identify(src) by extensions ['ignore', 'ignore_ament_install']
[0.293s] Level 1:colcon.colcon_core.package_identification:_identify(src) by extension 'ignore'
[0.293s] Level 1:colcon.colcon_core.package_identification:_identify(src) by extension 'ignore_ament_install'
[0.293s] Level 1:colcon.colcon_core.package_identification:_identify(src) by extensions ['colcon_pkg']
[0.293s] Level 1:colcon.colcon_core.package_identification:_identify(src) by extension 'colcon_pkg'
[0.293s] Level 1:colcon.colcon_core.package_identification:_identify(src) by extensions ['colcon_meta']
[0.293s] Level 1:colcon.colcon_core.package_identification:_identify(src) by extension 'colcon_meta'
[0.293s] Level 1:colcon.colcon_core.package_identification:_identify(src) by extensions ['ros']
[0.293s] Level 1:colcon.colcon_core.package_identification:_identify(src) by extension 'ros'
[0.293s] Level 1:colcon.colcon_core.package_identification:_identify(src) by extensions ['cmake', 'python']
[0.293s] Level 1:colcon.colcon_core.package_identification:_identify(src) by extension 'cmake'
[0.293s] Level 1:colcon.colcon_core.package_identification:_identify(src) by extension 'python'
[0.293s] Level 1:colcon.colcon_core.package_identification:_identify(src) by extensions ['python_setup_py']
[0.293s] Level 1:colcon.colcon_core.package_identification:_identify(src) by extension 'python_setup_py'
[0.294s] Level 1:colcon.colcon_core.package_identification:_identify(src/examples) by extensions ['ignore', 'ignore_ament_install']
[0.294s] Level 1:colcon.colcon_core.package_identification:_identify(src/examples) by extension 'ignore'
[0.294s] Level 1:colcon.colcon_core.package_identification:_identify(src/examples) by extension 'ignore_ament_install'
[0.294s] Level 1:colcon.colcon_core.package_identification:_identify(src/examples) by extensions ['colcon_pkg']
[0.294s] Level 1:colcon.colcon_core.package_identification:_identify(src/examples) by extension 'colcon_pkg'
[0.294s] Level 1:colcon.colcon_core.package_identification:_identify(src/examples) by extensions ['colcon_meta']
[0.294s] Level 1:colcon.colcon_core.package_identification:_identify(src/examples) by extension 'colcon_meta'
[0.294s] Level 1:colcon.colcon_core.package_identification:_identify(src/examples) by extensions ['ros']
[0.294s] Level 1:colcon.colcon_core.package_identification:_identify(src/examples) by extension 'ros'
[0.297s] DEBUG:colcon.colcon_core.package_identification:Package 'src/examples' with type 'ros.ament_cmake' and name 'examples'
[0.297s] Level 1:colcon.colcon_core.package_identification:_identify(src/my_robot_controller) by extensions ['ignore', 'ignore_ament_install']
[0.297s] Level 1:colcon.colcon_core.package_identification:_identify(src/my_robot_controller) by extension 'ignore'
[0.297s] Level 1:colcon.colcon_core.package_identification:_identify(src/my_robot_controller) by extension 'ignore_ament_install'
[0.297s] Level 1:colcon.colcon_core.package_identification:_identify(src/my_robot_controller) by extensions ['colcon_pkg']
[0.297s] Level 1:colcon.colcon_core.package_identification:_identify(src/my_robot_controller) by extension 'colcon_pkg'
[0.297s] Level 1:colcon.colcon_core.package_identification:_identify(src/my_robot_controller) by extensions ['colcon_meta']
[0.297s] Level 1:colcon.colcon_core.package_identification:_identify(src/my_robot_controller) by extension 'colcon_meta'
[0.297s] Level 1:colcon.colcon_core.package_identification:_identify(src/my_robot_controller) by extensions ['ros']
[0.297s] Level 1:colcon.colcon_core.package_identification:_identify(src/my_robot_controller) by extension 'ros'
[0.298s] DEBUG:colcon.colcon_core.package_identification:Package 'src/my_robot_controller' with type 'ros.ament_cmake' and name 'my_robot_controller'
[0.298s] Level 1:colcon.colcon_core.package_discovery:discover_packages(recursive) using defaults
[0.298s] Level 1:colcon.colcon_core.package_discovery:discover_packages(ignore) discover
[0.298s] Level 1:colcon.colcon_core.package_discovery:discover_packages(ignore) using defaults
[0.298s] Level 1:colcon.colcon_core.package_discovery:discover_packages(path) discover
[0.298s] Level 1:colcon.colcon_core.package_discovery:discover_packages(path) using defaults
[0.319s] Level 1:colcon.colcon_core.package_discovery:discover_packages(prefix_path) check parameters
[0.319s] Level 1:colcon.colcon_core.package_discovery:discover_packages(prefix_path) discover
[0.322s] DEBUG:colcon.colcon_installed_package_information.package_discovery:Found 2 installed packages in /home/gfave/sim_mid/install
[0.322s] DEBUG:colcon.colcon_installed_package_information.package_discovery:Found 2 installed packages in /home/gfave/ros2brovtest_ws/install
[0.322s] DEBUG:colcon.colcon_installed_package_information.package_discovery:Found 4 installed packages in /home/gfave/install
[0.324s] DEBUG:colcon.colcon_installed_package_information.package_discovery:Found 217 installed packages in /opt/ros/humble
[0.334s] Level 1:colcon.colcon_core.package_discovery:discover_packages(prefix_path) using defaults
[0.365s] Level 5:colcon.colcon_core.verb:set package 'examples' build argument 'cmake_args' from command line to 'None'
[0.365s] Level 5:colcon.colcon_core.verb:set package 'examples' build argument 'cmake_target' from command line to 'None'
[0.365s] Level 5:colcon.colcon_core.verb:set package 'examples' build argument 'cmake_target_skip_unavailable' from command line to 'False'
[0.365s] Level 5:colcon.colcon_core.verb:set package 'examples' build argument 'cmake_clean_cache' from command line to 'False'
[0.365s] Level 5:colcon.colcon_core.verb:set package 'examples' build argument 'cmake_clean_first' from command line to 'False'
[0.365s] Level 5:colcon.colcon_core.verb:set package 'examples' build argument 'cmake_force_configure' from command line to 'False'
[0.365s] Level 5:colcon.colcon_core.verb:set package 'examples' build argument 'ament_cmake_args' from command line to 'None'
[0.365s] Level 5:colcon.colcon_core.verb:set package 'examples' build argument 'catkin_cmake_args' from command line to 'None'
[0.365s] Level 5:colcon.colcon_core.verb:set package 'examples' build argument 'catkin_skip_building_tests' from command line to 'False'
[0.365s] DEBUG:colcon.colcon_core.verb:Building package 'examples' with the following arguments: {'ament_cmake_args': None, 'build_base': '/home/gfave/sim_mid/build/examples', 'catkin_cmake_args': None, 'catkin_skip_building_tests': False, 'cmake_args': None, 'cmake_clean_cache': False, 'cmake_clean_first': False, 'cmake_force_configure': False, 'cmake_target': None, 'cmake_target_skip_unavailable': False, 'install_base': '/home/gfave/sim_mid/install/examples', 'merge_install': False, 'path': '/home/gfave/sim_mid/src/examples', 'symlink_install': False, 'test_result_base': None}
[0.365s] Level 5:colcon.colcon_core.verb:set package 'my_robot_controller' build argument 'cmake_args' from command line to 'None'
[0.365s] Level 5:colcon.colcon_core.verb:set package 'my_robot_controller' build argument 'cmake_target' from command line to 'None'
[0.365s] Level 5:colcon.colcon_core.verb:set package 'my_robot_controller' build argument 'cmake_target_skip_unavailable' from command line to 'False'
[0.365s] Level 5:colcon.colcon_core.verb:set package 'my_robot_controller' build argument 'cmake_clean_cache' from command line to 'False'
[0.365s] Level 5:colcon.colcon_core.verb:set package 'my_robot_controller' build argument 'cmake_clean_first' from command line to 'False'
[0.365s] Level 5:colcon.colcon_core.verb:set package 'my_robot_controller' build argument 'cmake_force_configure' from command line to 'False'
[0.365s] Level 5:colcon.colcon_core.verb:set package 'my_robot_controller' build argument 'ament_cmake_args' from command line to 'None'
[0.365s] Level 5:colcon.colcon_core.verb:set package 'my_robot_controller' build argument 'catkin_cmake_args' from command line to 'None'
[0.365s] Level 5:colcon.colcon_core.verb:set package 'my_robot_controller' build argument 'catkin_skip_building_tests' from command line to 'False'
[0.365s] DEBUG:colcon.colcon_core.verb:Building package 'my_robot_controller' with the following arguments: {'ament_cmake_args': None, 'build_base': '/home/gfave/sim_mid/build/my_robot_controller', 'catkin_cmake_args': None, 'catkin_skip_building_tests': False, 'cmake_args': None, 'cmake_clean_cache': False, 'cmake_clean_first': False, 'cmake_force_configure': False, 'cmake_target': None, 'cmake_target_skip_unavailable': False, 'install_base': '/home/gfave/sim_mid/install/my_robot_controller', 'merge_install': False, 'path': '/home/gfave/sim_mid/src/my_robot_controller', 'symlink_install': False, 'test_result_base': None}
[0.366s] INFO:colcon.colcon_core.executor:Executing jobs using 'parallel' executor
[0.367s] DEBUG:colcon.colcon_parallel_executor.executor.parallel:run_until_complete
[0.367s] INFO:colcon.colcon_ros.task.ament_cmake.build:Building ROS package in '/home/gfave/sim_mid/src/examples' with build type 'ament_cmake'
[0.367s] INFO:colcon.colcon_cmake.task.cmake.build:Building CMake package in '/home/gfave/sim_mid/src/examples'
[0.369s] INFO:colcon.colcon_core.plugin_system:Skipping extension 'colcon_core.shell.bat': Not used on non-Windows systems
[0.369s] INFO:colcon.colcon_core.shell:Skip shell extension 'powershell' for command environment: Not usable outside of PowerShell
[0.369s] DEBUG:colcon.colcon_core.shell:Skip shell extension 'dsv' for command environment
[0.374s] INFO:colcon.colcon_ros.task.ament_cmake.build:Building ROS package in '/home/gfave/sim_mid/src/my_robot_controller' with build type 'ament_cmake'
[0.374s] INFO:colcon.colcon_cmake.task.cmake.build:Building CMake package in '/home/gfave/sim_mid/src/my_robot_controller'
[0.374s] INFO:colcon.colcon_core.shell:Skip shell extension 'powershell' for command environment: Not usable outside of PowerShell
[0.374s] DEBUG:colcon.colcon_core.shell:Skip shell extension 'dsv' for command environment
[0.384s] DEBUG:colcon.colcon_core.event_handler.log_command:Invoking command in '/home/gfave/sim_mid/build/examples': CMAKE_PREFIX_PATH=${CMAKE_PREFIX_PATH}:/home/gfave/ros2brovtest_ws/install/ping_sonar_ros:/home/gfave/ros2brovtest_ws/install/autonomous_rov:/home/gfave/install/ping_sonar_ros:/home/gfave/install/autonomous_rov:/opt/ros/humble /usr/bin/cmake --build /home/gfave/sim_mid/build/examples -- -j8 -l8
[0.388s] DEBUG:colcon.colcon_core.event_handler.log_command:Invoking command in '/home/gfave/sim_mid/build/my_robot_controller': CMAKE_PREFIX_PATH=${CMAKE_PREFIX_PATH}:/home/gfave/ros2brovtest_ws/install/ping_sonar_ros:/home/gfave/ros2brovtest_ws/install/autonomous_rov:/home/gfave/install/ping_sonar_ros:/home/gfave/install/autonomous_rov:/opt/ros/humble /usr/bin/cmake --build /home/gfave/sim_mid/build/my_robot_controller -- -j8 -l8
[0.438s] DEBUG:colcon.colcon_core.event_handler.log_command:Invoked command in '/home/gfave/sim_mid/build/my_robot_controller' returned '2': CMAKE_PREFIX_PATH=${CMAKE_PREFIX_PATH}:/home/gfave/ros2brovtest_ws/install/ping_sonar_ros:/home/gfave/ros2brovtest_ws/install/autonomous_rov:/home/gfave/install/ping_sonar_ros:/home/gfave/install/autonomous_rov:/opt/ros/humble /usr/bin/cmake --build /home/gfave/sim_mid/build/my_robot_controller -- -j8 -l8
[0.441s] DEBUG:colcon.colcon_core.event_handler.log_command:Invoked command in '/home/gfave/sim_mid/build/examples' returned '0': CMAKE_PREFIX_PATH=${CMAKE_PREFIX_PATH}:/home/gfave/ros2brovtest_ws/install/ping_sonar_ros:/home/gfave/ros2brovtest_ws/install/autonomous_rov:/home/gfave/install/ping_sonar_ros:/home/gfave/install/autonomous_rov:/opt/ros/humble /usr/bin/cmake --build /home/gfave/sim_mid/build/examples -- -j8 -l8
[0.455s] Level 1:colcon.colcon_core.environment:create_environment_scripts_only(my_robot_controller)
[0.457s] Level 1:colcon.colcon_core.environment:checking '/home/gfave/sim_mid/install/my_robot_controller' for CMake module files
[0.458s] Level 1:colcon.colcon_core.environment:checking '/home/gfave/sim_mid/install/my_robot_controller' for CMake config files
[0.459s] Level 1:colcon.colcon_core.shell:create_environment_hook('my_robot_controller', 'cmake_prefix_path')
[0.459s] INFO:colcon.colcon_core.shell:Creating environment hook '/home/gfave/sim_mid/install/my_robot_controller/share/my_robot_controller/hook/cmake_prefix_path.ps1'
[0.460s] INFO:colcon.colcon_core.shell:Creating environment descriptor '/home/gfave/sim_mid/install/my_robot_controller/share/my_robot_controller/hook/cmake_prefix_path.dsv'
[0.460s] INFO:colcon.colcon_core.shell:Creating environment hook '/home/gfave/sim_mid/install/my_robot_controller/share/my_robot_controller/hook/cmake_prefix_path.sh'
[0.461s] Level 1:colcon.colcon_core.environment:checking '/home/gfave/sim_mid/install/my_robot_controller/bin'
[0.461s] Level 1:colcon.colcon_core.environment:checking '/home/gfave/sim_mid/install/my_robot_controller/lib/pkgconfig/my_robot_controller.pc'
[0.461s] Level 1:colcon.colcon_core.environment:checking '/home/gfave/sim_mid/install/my_robot_controller/lib/python3.10/site-packages'
[0.462s] Level 1:colcon.colcon_core.environment:checking '/home/gfave/sim_mid/install/my_robot_controller/bin'
[0.462s] INFO:colcon.colcon_core.shell:Creating package script '/home/gfave/sim_mid/install/my_robot_controller/share/my_robot_controller/package.ps1'
[0.463s] INFO:colcon.colcon_core.shell:Creating package descriptor '/home/gfave/sim_mid/install/my_robot_controller/share/my_robot_controller/package.dsv'
[0.463s] INFO:colcon.colcon_core.shell:Creating package script '/home/gfave/sim_mid/install/my_robot_controller/share/my_robot_controller/package.sh'
[0.464s] INFO:colcon.colcon_core.shell:Creating package script '/home/gfave/sim_mid/install/my_robot_controller/share/my_robot_controller/package.bash'
[0.465s] INFO:colcon.colcon_core.shell:Creating package script '/home/gfave/sim_mid/install/my_robot_controller/share/my_robot_controller/package.zsh'
[0.465s] Level 1:colcon.colcon_core.environment:create_file_with_runtime_dependencies(/home/gfave/sim_mid/install/my_robot_controller/share/colcon-core/packages/my_robot_controller)
[0.476s] DEBUG:colcon.colcon_parallel_executor.executor.parallel:closing loop
[0.477s] DEBUG:colcon.colcon_parallel_executor.executor.parallel:loop closed
[0.477s] DEBUG:colcon.colcon_parallel_executor.executor.parallel:run_until_complete finished with '2'
[0.477s] DEBUG:colcon.colcon_core.event_reactor:joining thread
[0.482s] INFO:colcon.colcon_core.plugin_system:Skipping extension 'colcon_notification.desktop_notification.terminal_notifier': Not used on non-Darwin systems
[0.482s] INFO:colcon.colcon_core.plugin_system:Skipping extension 'colcon_notification.desktop_notification.win32': Not used on non-Windows systems
[0.482s] INFO:colcon.colcon_notification.desktop_notification:Sending desktop notification using 'notify2'
[0.493s] DEBUG:colcon.colcon_core.event_reactor:joined thread
[0.494s] INFO:colcon.colcon_core.shell:Creating prefix script '/home/gfave/sim_mid/install/local_setup.ps1'
[0.495s] INFO:colcon.colcon_core.shell:Creating prefix util module '/home/gfave/sim_mid/install/_local_setup_util_ps1.py'
[0.498s] INFO:colcon.colcon_core.shell:Creating prefix chain script '/home/gfave/sim_mid/install/setup.ps1'
[0.500s] INFO:colcon.colcon_core.shell:Creating prefix script '/home/gfave/sim_mid/install/local_setup.sh'
[0.500s] INFO:colcon.colcon_core.shell:Creating prefix util module '/home/gfave/sim_mid/install/_local_setup_util_sh.py'
[0.501s] INFO:colcon.colcon_core.shell:Creating prefix chain script '/home/gfave/sim_mid/install/setup.sh'
[0.502s] INFO:colcon.colcon_core.shell:Creating prefix script '/home/gfave/sim_mid/install/local_setup.bash'
[0.503s] INFO:colcon.colcon_core.shell:Creating prefix chain script '/home/gfave/sim_mid/install/setup.bash'
[0.504s] INFO:colcon.colcon_core.shell:Creating prefix script '/home/gfave/sim_mid/install/local_setup.zsh'
[0.505s] INFO:colcon.colcon_core.shell:Creating prefix chain script '/home/gfave/sim_mid/install/setup.zsh'
