[0.597s] DEBUG:colcon:Command line arguments: ['/usr/bin/colcon', 'build']
[0.597s] DEBUG:colcon:Parsed command line arguments: Namespace(log_base=None, log_level=None, verb_name='build', build_base='build', install_base='install', merge_install=False, symlink_install=False, test_result_base=None, continue_on_error=False, executor='parallel', parallel_workers=8, event_handlers=None, ignore_user_meta=False, metas=['./colcon.meta'], base_paths=['.'], packages_ignore=None, packages_ignore_regex=None, paths=None, packages_up_to=None, packages_up_to_regex=None, packages_above=None, packages_above_and_dependencies=None, packages_above_depth=None, packages_select_by_dep=None, packages_skip_by_dep=None, packages_skip_up_to=None, packages_select_build_failed=False, packages_skip_build_finished=False, packages_select_test_failures=False, packages_skip_test_passed=False, packages_select=None, packages_skip=None, packages_select_regex=None, packages_skip_regex=None, packages_start=None, packages_end=None, allow_overriding=[], cmake_args=None, cmake_target=None, cmake_target_skip_unavailable=False, cmake_clean_cache=False, cmake_clean_first=False, cmake_force_configure=False, ament_cmake_args=None, catkin_cmake_args=None, catkin_skip_building_tests=False, mixin_files=None, mixin=None, verb_parser=<colcon_mixin.mixin.mixin_argument.MixinArgumentDecorator object at 0x7223214649a0>, verb_extension=<colcon_core.verb.build.BuildVerb object at 0x72232156d120>, main=<bound method BuildVerb.main of <colcon_core.verb.build.BuildVerb object at 0x72232156d120>>, mixin_verb=('build',))
[0.926s] Level 1:colcon.colcon_core.package_discovery:discover_packages(colcon_meta) check parameters
[0.926s] Level 1:colcon.colcon_core.package_discovery:discover_packages(recursive) check parameters
[0.926s] Level 1:colcon.colcon_core.package_discovery:discover_packages(ignore) check parameters
[0.926s] Level 1:colcon.colcon_core.package_discovery:discover_packages(path) check parameters
[0.926s] Level 1:colcon.colcon_core.package_discovery:discover_packages(colcon_meta) discover
[0.926s] Level 1:colcon.colcon_core.package_discovery:discover_packages(recursive) discover
[0.926s] INFO:colcon.colcon_core.package_discovery:Crawling recursively for packages in '/home/gfave/sim_mid/src/my_robot_controller'
[0.926s] Level 1:colcon.colcon_core.package_identification:_identify(.) by extensions ['ignore', 'ignore_ament_install']
[0.927s] Level 1:colcon.colcon_core.package_identification:_identify(.) by extension 'ignore'
[0.927s] Level 1:colcon.colcon_core.package_identification:_identify(.) by extension 'ignore_ament_install'
[0.927s] Level 1:colcon.colcon_core.package_identification:_identify(.) by extensions ['colcon_pkg']
[0.927s] Level 1:colcon.colcon_core.package_identification:_identify(.) by extension 'colcon_pkg'
[0.927s] Level 1:colcon.colcon_core.package_identification:_identify(.) by extensions ['colcon_meta']
[0.927s] Level 1:colcon.colcon_core.package_identification:_identify(.) by extension 'colcon_meta'
[0.927s] Level 1:colcon.colcon_core.package_identification:_identify(.) by extensions ['ros']
[0.927s] Level 1:colcon.colcon_core.package_identification:_identify(.) by extension 'ros'
[0.950s] DEBUG:colcon.colcon_core.package_identification:Package '.' with type 'ros.ament_cmake' and name 'my_robot_controller'
[0.950s] Level 1:colcon.colcon_core.package_discovery:discover_packages(recursive) using defaults
[0.951s] Level 1:colcon.colcon_core.package_discovery:discover_packages(ignore) discover
[0.951s] Level 1:colcon.colcon_core.package_discovery:discover_packages(ignore) using defaults
[0.951s] Level 1:colcon.colcon_core.package_discovery:discover_packages(path) discover
[0.951s] Level 1:colcon.colcon_core.package_discovery:discover_packages(path) using defaults
[0.993s] Level 1:colcon.colcon_core.package_discovery:discover_packages(prefix_path) check parameters
[0.993s] Level 1:colcon.colcon_core.package_discovery:discover_packages(prefix_path) discover
[1.003s] DEBUG:colcon.colcon_installed_package_information.package_discovery:Found 2 installed packages in /home/gfave/sim_mid/install
[1.004s] DEBUG:colcon.colcon_installed_package_information.package_discovery:Found 2 installed packages in /home/gfave/ros2brovtest_ws/install
[1.007s] DEBUG:colcon.colcon_installed_package_information.package_discovery:Found 4 installed packages in /home/gfave/install
[1.009s] DEBUG:colcon.colcon_installed_package_information.package_discovery:Found 217 installed packages in /opt/ros/humble
[1.011s] Level 1:colcon.colcon_core.package_discovery:discover_packages(prefix_path) using defaults
[1.064s] Level 5:colcon.colcon_core.verb:set package 'my_robot_controller' build argument 'cmake_args' from command line to 'None'
[1.064s] Level 5:colcon.colcon_core.verb:set package 'my_robot_controller' build argument 'cmake_target' from command line to 'None'
[1.064s] Level 5:colcon.colcon_core.verb:set package 'my_robot_controller' build argument 'cmake_target_skip_unavailable' from command line to 'False'
[1.064s] Level 5:colcon.colcon_core.verb:set package 'my_robot_controller' build argument 'cmake_clean_cache' from command line to 'False'
[1.064s] Level 5:colcon.colcon_core.verb:set package 'my_robot_controller' build argument 'cmake_clean_first' from command line to 'False'
[1.064s] Level 5:colcon.colcon_core.verb:set package 'my_robot_controller' build argument 'cmake_force_configure' from command line to 'False'
[1.064s] Level 5:colcon.colcon_core.verb:set package 'my_robot_controller' build argument 'ament_cmake_args' from command line to 'None'
[1.064s] Level 5:colcon.colcon_core.verb:set package 'my_robot_controller' build argument 'catkin_cmake_args' from command line to 'None'
[1.064s] Level 5:colcon.colcon_core.verb:set package 'my_robot_controller' build argument 'catkin_skip_building_tests' from command line to 'False'
[1.064s] DEBUG:colcon.colcon_core.verb:Building package 'my_robot_controller' with the following arguments: {'ament_cmake_args': None, 'build_base': '/home/gfave/sim_mid/src/my_robot_controller/build/my_robot_controller', 'catkin_cmake_args': None, 'catkin_skip_building_tests': False, 'cmake_args': None, 'cmake_clean_cache': False, 'cmake_clean_first': False, 'cmake_force_configure': False, 'cmake_target': None, 'cmake_target_skip_unavailable': False, 'install_base': '/home/gfave/sim_mid/src/my_robot_controller/install/my_robot_controller', 'merge_install': False, 'path': '/home/gfave/sim_mid/src/my_robot_controller', 'symlink_install': False, 'test_result_base': None}
[1.064s] INFO:colcon.colcon_core.executor:Executing jobs using 'parallel' executor
[1.065s] DEBUG:colcon.colcon_parallel_executor.executor.parallel:run_until_complete
[1.065s] INFO:colcon.colcon_ros.task.ament_cmake.build:Building ROS package in '/home/gfave/sim_mid/src/my_robot_controller' with build type 'ament_cmake'
[1.065s] INFO:colcon.colcon_cmake.task.cmake.build:Building CMake package in '/home/gfave/sim_mid/src/my_robot_controller'
[1.071s] INFO:colcon.colcon_core.plugin_system:Skipping extension 'colcon_core.shell.bat': Not used on non-Windows systems
[1.071s] INFO:colcon.colcon_core.shell:Skip shell extension 'powershell' for command environment: Not usable outside of PowerShell
[1.071s] DEBUG:colcon.colcon_core.shell:Skip shell extension 'dsv' for command environment
[1.079s] DEBUG:colcon.colcon_core.event_handler.log_command:Invoking command in '/home/gfave/sim_mid/src/my_robot_controller/build/my_robot_controller': CMAKE_PREFIX_PATH=${CMAKE_PREFIX_PATH}:/home/gfave/ros2brovtest_ws/install/ping_sonar_ros:/home/gfave/ros2brovtest_ws/install/autonomous_rov:/home/gfave/install/ping_sonar_ros:/home/gfave/install/autonomous_rov:/opt/ros/humble /usr/bin/cmake /home/gfave/sim_mid/src/my_robot_controller -DCMAKE_INSTALL_PREFIX=/home/gfave/sim_mid/src/my_robot_controller/install/my_robot_controller
[1.182s] DEBUG:colcon.colcon_core.event_handler.log_command:Invoked command in '/home/gfave/sim_mid/src/my_robot_controller/build/my_robot_controller' returned '1': CMAKE_PREFIX_PATH=${CMAKE_PREFIX_PATH}:/home/gfave/ros2brovtest_ws/install/ping_sonar_ros:/home/gfave/ros2brovtest_ws/install/autonomous_rov:/home/gfave/install/ping_sonar_ros:/home/gfave/install/autonomous_rov:/opt/ros/humble /usr/bin/cmake /home/gfave/sim_mid/src/my_robot_controller -DCMAKE_INSTALL_PREFIX=/home/gfave/sim_mid/src/my_robot_controller/install/my_robot_controller
[1.191s] Level 1:colcon.colcon_core.environment:create_environment_scripts_only(my_robot_controller)
[1.199s] Level 1:colcon.colcon_core.environment:checking '/home/gfave/sim_mid/src/my_robot_controller/install/my_robot_controller' for CMake module files
[1.200s] Level 1:colcon.colcon_core.environment:checking '/home/gfave/sim_mid/src/my_robot_controller/install/my_robot_controller' for CMake config files
[1.200s] Level 1:colcon.colcon_core.environment:checking '/home/gfave/sim_mid/src/my_robot_controller/install/my_robot_controller/bin'
[1.200s] Level 1:colcon.colcon_core.environment:checking '/home/gfave/sim_mid/src/my_robot_controller/install/my_robot_controller/lib/pkgconfig/my_robot_controller.pc'
[1.200s] Level 1:colcon.colcon_core.environment:checking '/home/gfave/sim_mid/src/my_robot_controller/install/my_robot_controller/lib/python3.10/site-packages'
[1.201s] Level 1:colcon.colcon_core.environment:checking '/home/gfave/sim_mid/src/my_robot_controller/install/my_robot_controller/bin'
[1.201s] INFO:colcon.colcon_core.shell:Creating package script '/home/gfave/sim_mid/src/my_robot_controller/install/my_robot_controller/share/my_robot_controller/package.ps1'
[1.202s] INFO:colcon.colcon_core.shell:Creating package descriptor '/home/gfave/sim_mid/src/my_robot_controller/install/my_robot_controller/share/my_robot_controller/package.dsv'
[1.203s] INFO:colcon.colcon_core.shell:Creating package script '/home/gfave/sim_mid/src/my_robot_controller/install/my_robot_controller/share/my_robot_controller/package.sh'
[1.203s] INFO:colcon.colcon_core.shell:Creating package script '/home/gfave/sim_mid/src/my_robot_controller/install/my_robot_controller/share/my_robot_controller/package.bash'
[1.205s] INFO:colcon.colcon_core.shell:Creating package script '/home/gfave/sim_mid/src/my_robot_controller/install/my_robot_controller/share/my_robot_controller/package.zsh'
[1.205s] Level 1:colcon.colcon_core.environment:create_file_with_runtime_dependencies(/home/gfave/sim_mid/src/my_robot_controller/install/my_robot_controller/share/colcon-core/packages/my_robot_controller)
[1.216s] DEBUG:colcon.colcon_parallel_executor.executor.parallel:closing loop
[1.216s] DEBUG:colcon.colcon_parallel_executor.executor.parallel:loop closed
[1.216s] DEBUG:colcon.colcon_parallel_executor.executor.parallel:run_until_complete finished with '1'
[1.217s] DEBUG:colcon.colcon_core.event_reactor:joining thread
[1.229s] INFO:colcon.colcon_core.plugin_system:Skipping extension 'colcon_notification.desktop_notification.terminal_notifier': Not used on non-Darwin systems
[1.230s] INFO:colcon.colcon_core.plugin_system:Skipping extension 'colcon_notification.desktop_notification.win32': Not used on non-Windows systems
[1.230s] INFO:colcon.colcon_notification.desktop_notification:Sending desktop notification using 'notify2'
[1.247s] DEBUG:colcon.colcon_core.event_reactor:joined thread
[1.247s] INFO:colcon.colcon_core.shell:Creating prefix script '/home/gfave/sim_mid/src/my_robot_controller/install/local_setup.ps1'
[1.249s] INFO:colcon.colcon_core.shell:Creating prefix util module '/home/gfave/sim_mid/src/my_robot_controller/install/_local_setup_util_ps1.py'
[1.251s] INFO:colcon.colcon_core.shell:Creating prefix chain script '/home/gfave/sim_mid/src/my_robot_controller/install/setup.ps1'
[1.252s] INFO:colcon.colcon_core.shell:Creating prefix script '/home/gfave/sim_mid/src/my_robot_controller/install/local_setup.sh'
[1.253s] INFO:colcon.colcon_core.shell:Creating prefix util module '/home/gfave/sim_mid/src/my_robot_controller/install/_local_setup_util_sh.py'
[1.254s] INFO:colcon.colcon_core.shell:Creating prefix chain script '/home/gfave/sim_mid/src/my_robot_controller/install/setup.sh'
[1.255s] INFO:colcon.colcon_core.shell:Creating prefix script '/home/gfave/sim_mid/src/my_robot_controller/install/local_setup.bash'
[1.256s] INFO:colcon.colcon_core.shell:Creating prefix chain script '/home/gfave/sim_mid/src/my_robot_controller/install/setup.bash'
[1.257s] INFO:colcon.colcon_core.shell:Creating prefix script '/home/gfave/sim_mid/src/my_robot_controller/install/local_setup.zsh'
[1.258s] INFO:colcon.colcon_core.shell:Creating prefix chain script '/home/gfave/sim_mid/src/my_robot_controller/install/setup.zsh'
